{"C:\\Users\\rdmun\\Videos\\a-react-pwa\\incendios-valle\\frontend\\src\\App.tsx": {"path":"C:\\Users\\rdmun\\Videos\\a-react-pwa\\incendios-valle\\frontend\\src\\App.tsx","all":false,"statementMap":{"0":{"start":{"line":1,"column":0},"end":{"line":1,"column":73}},"1":{"start":{"line":2,"column":0},"end":{"line":2,"column":79}},"2":{"start":{"line":3,"column":0},"end":{"line":3,"column":46}},"3":{"start":{"line":4,"column":0},"end":{"line":4,"column":0}},"4":{"start":{"line":5,"column":0},"end":{"line":5,"column":8}},"5":{"start":{"line":6,"column":0},"end":{"line":6,"column":33}},"6":{"start":{"line":7,"column":0},"end":{"line":7,"column":39}},"7":{"start":{"line":8,"column":0},"end":{"line":8,"column":37}},"8":{"start":{"line":9,"column":0},"end":{"line":9,"column":47}},"9":{"start":{"line":10,"column":0},"end":{"line":10,"column":41}},"10":{"start":{"line":11,"column":0},"end":{"line":11,"column":41}},"11":{"start":{"line":12,"column":0},"end":{"line":12,"column":49}},"12":{"start":{"line":13,"column":0},"end":{"line":13,"column":49}},"13":{"start":{"line":14,"column":0},"end":{"line":14,"column":0}},"14":{"start":{"line":15,"column":0},"end":{"line":15,"column":14}},"15":{"start":{"line":16,"column":0},"end":{"line":16,"column":54}},"16":{"start":{"line":17,"column":0},"end":{"line":17,"column":54}},"17":{"start":{"line":18,"column":0},"end":{"line":18,"column":72}},"18":{"start":{"line":19,"column":0},"end":{"line":19,"column":47}},"19":{"start":{"line":20,"column":0},"end":{"line":20,"column":50}},"20":{"start":{"line":21,"column":0},"end":{"line":21,"column":54}},"21":{"start":{"line":22,"column":0},"end":{"line":22,"column":0}},"22":{"start":{"line":23,"column":0},"end":{"line":23,"column":10}},"23":{"start":{"line":24,"column":0},"end":{"line":24,"column":27}},"24":{"start":{"line":25,"column":0},"end":{"line":25,"column":78}},"25":{"start":{"line":26,"column":0},"end":{"line":26,"column":22}},"26":{"start":{"line":27,"column":0},"end":{"line":27,"column":59}},"27":{"start":{"line":28,"column":0},"end":{"line":28,"column":20}},"28":{"start":{"line":29,"column":0},"end":{"line":29,"column":1}},"29":{"start":{"line":30,"column":0},"end":{"line":30,"column":0}},"30":{"start":{"line":31,"column":0},"end":{"line":31,"column":70}},"31":{"start":{"line":32,"column":0},"end":{"line":32,"column":0}},"32":{"start":{"line":33,"column":0},"end":{"line":33,"column":30}},"33":{"start":{"line":34,"column":0},"end":{"line":34,"column":41}},"34":{"start":{"line":35,"column":0},"end":{"line":35,"column":75}},"35":{"start":{"line":36,"column":0},"end":{"line":36,"column":16}},"36":{"start":{"line":37,"column":0},"end":{"line":37,"column":1}},"37":{"start":{"line":38,"column":0},"end":{"line":38,"column":0}},"38":{"start":{"line":39,"column":0},"end":{"line":39,"column":49}},"39":{"start":{"line":40,"column":0},"end":{"line":40,"column":161}},"40":{"start":{"line":41,"column":0},"end":{"line":41,"column":35}},"41":{"start":{"line":42,"column":0},"end":{"line":42,"column":0}},"42":{"start":{"line":43,"column":0},"end":{"line":43,"column":24}},"43":{"start":{"line":44,"column":0},"end":{"line":44,"column":46}},"44":{"start":{"line":45,"column":0},"end":{"line":45,"column":43}},"45":{"start":{"line":46,"column":0},"end":{"line":46,"column":3}},"46":{"start":{"line":47,"column":0},"end":{"line":47,"column":0}},"47":{"start":{"line":48,"column":0},"end":{"line":48,"column":57}},"48":{"start":{"line":49,"column":0},"end":{"line":49,"column":70}},"49":{"start":{"line":50,"column":0},"end":{"line":50,"column":31}},"50":{"start":{"line":51,"column":0},"end":{"line":51,"column":45}},"51":{"start":{"line":52,"column":0},"end":{"line":52,"column":5}},"52":{"start":{"line":53,"column":0},"end":{"line":53,"column":44}},"53":{"start":{"line":54,"column":0},"end":{"line":54,"column":3}},"54":{"start":{"line":55,"column":0},"end":{"line":55,"column":0}},"55":{"start":{"line":56,"column":0},"end":{"line":56,"column":24}},"56":{"start":{"line":57,"column":0},"end":{"line":57,"column":1}},"57":{"start":{"line":58,"column":0},"end":{"line":58,"column":0}},"58":{"start":{"line":59,"column":0},"end":{"line":59,"column":26}},"59":{"start":{"line":60,"column":0},"end":{"line":60,"column":30}},"60":{"start":{"line":61,"column":0},"end":{"line":61,"column":33}},"61":{"start":{"line":62,"column":0},"end":{"line":62,"column":0}},"62":{"start":{"line":63,"column":0},"end":{"line":63,"column":19}},"63":{"start":{"line":64,"column":0},"end":{"line":64,"column":29}},"64":{"start":{"line":65,"column":0},"end":{"line":65,"column":14}},"65":{"start":{"line":66,"column":0},"end":{"line":66,"column":69}},"66":{"start":{"line":67,"column":0},"end":{"line":67,"column":6}},"67":{"start":{"line":68,"column":0},"end":{"line":68,"column":8}},"68":{"start":{"line":69,"column":0},"end":{"line":69,"column":0}},"69":{"start":{"line":70,"column":0},"end":{"line":70,"column":13}},"70":{"start":{"line":71,"column":0},"end":{"line":71,"column":1}},"71":{"start":{"line":72,"column":0},"end":{"line":72,"column":0}},"72":{"start":{"line":73,"column":0},"end":{"line":73,"column":62}},"73":{"start":{"line":74,"column":0},"end":{"line":74,"column":28}},"74":{"start":{"line":75,"column":0},"end":{"line":75,"column":43}},"75":{"start":{"line":76,"column":0},"end":{"line":76,"column":19}},"76":{"start":{"line":77,"column":0},"end":{"line":77,"column":1}},"77":{"start":{"line":78,"column":0},"end":{"line":78,"column":0}},"78":{"start":{"line":79,"column":0},"end":{"line":79,"column":16}},"79":{"start":{"line":80,"column":0},"end":{"line":80,"column":55}},"80":{"start":{"line":81,"column":0},"end":{"line":81,"column":114}},"81":{"start":{"line":82,"column":0},"end":{"line":82,"column":56}},"82":{"start":{"line":83,"column":0},"end":{"line":83,"column":43}},"83":{"start":{"line":84,"column":0},"end":{"line":84,"column":4}},"84":{"start":{"line":85,"column":0},"end":{"line":85,"column":59}},"85":{"start":{"line":86,"column":0},"end":{"line":86,"column":50}},"86":{"start":{"line":87,"column":0},"end":{"line":87,"column":4}},"87":{"start":{"line":88,"column":0},"end":{"line":88,"column":0}},"88":{"start":{"line":89,"column":0},"end":{"line":89,"column":63}},"89":{"start":{"line":90,"column":0},"end":{"line":90,"column":19}},"90":{"start":{"line":91,"column":0},"end":{"line":91,"column":15}},"91":{"start":{"line":92,"column":0},"end":{"line":92,"column":66}},"92":{"start":{"line":93,"column":0},"end":{"line":93,"column":12}},"93":{"start":{"line":94,"column":0},"end":{"line":94,"column":47}},"94":{"start":{"line":95,"column":0},"end":{"line":95,"column":5}},"95":{"start":{"line":96,"column":0},"end":{"line":96,"column":12}},"96":{"start":{"line":97,"column":0},"end":{"line":97,"column":0}},"97":{"start":{"line":98,"column":0},"end":{"line":98,"column":19}},"98":{"start":{"line":99,"column":0},"end":{"line":99,"column":16}},"99":{"start":{"line":100,"column":0},"end":{"line":100,"column":52}},"100":{"start":{"line":101,"column":0},"end":{"line":101,"column":12}},"101":{"start":{"line":102,"column":0},"end":{"line":102,"column":48}},"102":{"start":{"line":103,"column":0},"end":{"line":103,"column":5}},"103":{"start":{"line":104,"column":0},"end":{"line":104,"column":13}},"104":{"start":{"line":105,"column":0},"end":{"line":105,"column":0}},"105":{"start":{"line":106,"column":0},"end":{"line":106,"column":60}},"106":{"start":{"line":107,"column":0},"end":{"line":107,"column":53}},"107":{"start":{"line":108,"column":0},"end":{"line":108,"column":28}},"108":{"start":{"line":109,"column":0},"end":{"line":109,"column":13}},"109":{"start":{"line":110,"column":0},"end":{"line":110,"column":37}},"110":{"start":{"line":111,"column":0},"end":{"line":111,"column":33}},"111":{"start":{"line":112,"column":0},"end":{"line":112,"column":29}},"112":{"start":{"line":113,"column":0},"end":{"line":113,"column":40}},"113":{"start":{"line":114,"column":0},"end":{"line":114,"column":6}},"114":{"start":{"line":115,"column":0},"end":{"line":115,"column":3}},"115":{"start":{"line":116,"column":0},"end":{"line":116,"column":0}},"116":{"start":{"line":117,"column":0},"end":{"line":117,"column":24}},"117":{"start":{"line":118,"column":0},"end":{"line":118,"column":17}},"118":{"start":{"line":119,"column":0},"end":{"line":119,"column":18}},"119":{"start":{"line":120,"column":0},"end":{"line":120,"column":3}},"120":{"start":{"line":121,"column":0},"end":{"line":121,"column":0}},"121":{"start":{"line":122,"column":0},"end":{"line":122,"column":97}},"122":{"start":{"line":123,"column":0},"end":{"line":123,"column":0}},"123":{"start":{"line":124,"column":0},"end":{"line":124,"column":10}},"124":{"start":{"line":125,"column":0},"end":{"line":125,"column":19}},"125":{"start":{"line":126,"column":0},"end":{"line":126,"column":19}},"126":{"start":{"line":127,"column":0},"end":{"line":127,"column":44}},"127":{"start":{"line":128,"column":0},"end":{"line":128,"column":23}},"128":{"start":{"line":129,"column":0},"end":{"line":129,"column":23}},"129":{"start":{"line":130,"column":0},"end":{"line":130,"column":32}},"130":{"start":{"line":131,"column":0},"end":{"line":131,"column":24}},"131":{"start":{"line":132,"column":0},"end":{"line":132,"column":21}},"132":{"start":{"line":133,"column":0},"end":{"line":133,"column":21}},"133":{"start":{"line":134,"column":0},"end":{"line":134,"column":16}},"134":{"start":{"line":135,"column":0},"end":{"line":135,"column":50}},"135":{"start":{"line":136,"column":0},"end":{"line":136,"column":125}},"136":{"start":{"line":137,"column":0},"end":{"line":137,"column":10}},"137":{"start":{"line":138,"column":0},"end":{"line":138,"column":26}},"138":{"start":{"line":139,"column":0},"end":{"line":139,"column":59}},"139":{"start":{"line":140,"column":0},"end":{"line":140,"column":10}},"140":{"start":{"line":141,"column":0},"end":{"line":141,"column":59}},"141":{"start":{"line":142,"column":0},"end":{"line":142,"column":58}},"142":{"start":{"line":143,"column":0},"end":{"line":143,"column":10}},"143":{"start":{"line":144,"column":0},"end":{"line":144,"column":53}},"144":{"start":{"line":145,"column":0},"end":{"line":145,"column":66}},"145":{"start":{"line":146,"column":0},"end":{"line":146,"column":10}},"146":{"start":{"line":147,"column":0},"end":{"line":147,"column":29}},"147":{"start":{"line":148,"column":0},"end":{"line":148,"column":40}},"148":{"start":{"line":149,"column":0},"end":{"line":149,"column":53}},"149":{"start":{"line":150,"column":0},"end":{"line":150,"column":27}},"150":{"start":{"line":151,"column":0},"end":{"line":151,"column":29}},"151":{"start":{"line":152,"column":0},"end":{"line":152,"column":14}},"152":{"start":{"line":153,"column":0},"end":{"line":153,"column":10}},"153":{"start":{"line":154,"column":0},"end":{"line":154,"column":65}},"154":{"start":{"line":155,"column":0},"end":{"line":155,"column":42}},"155":{"start":{"line":156,"column":0},"end":{"line":156,"column":69}},"156":{"start":{"line":157,"column":0},"end":{"line":157,"column":25}},"157":{"start":{"line":158,"column":0},"end":{"line":158,"column":29}},"158":{"start":{"line":159,"column":0},"end":{"line":159,"column":14}},"159":{"start":{"line":160,"column":0},"end":{"line":160,"column":44}},"160":{"start":{"line":161,"column":0},"end":{"line":161,"column":69}},"161":{"start":{"line":162,"column":0},"end":{"line":162,"column":30}},"162":{"start":{"line":163,"column":0},"end":{"line":163,"column":29}},"163":{"start":{"line":164,"column":0},"end":{"line":164,"column":14}},"164":{"start":{"line":165,"column":0},"end":{"line":165,"column":56}},"165":{"start":{"line":166,"column":0},"end":{"line":166,"column":44}},"166":{"start":{"line":167,"column":0},"end":{"line":167,"column":54}},"167":{"start":{"line":168,"column":0},"end":{"line":168,"column":27}},"168":{"start":{"line":169,"column":0},"end":{"line":169,"column":29}},"169":{"start":{"line":170,"column":0},"end":{"line":170,"column":14}},"170":{"start":{"line":171,"column":0},"end":{"line":171,"column":10}},"171":{"start":{"line":172,"column":0},"end":{"line":172,"column":33}},"172":{"start":{"line":173,"column":0},"end":{"line":173,"column":79}},"173":{"start":{"line":174,"column":0},"end":{"line":174,"column":85}},"174":{"start":{"line":175,"column":0},"end":{"line":175,"column":17}},"175":{"start":{"line":176,"column":0},"end":{"line":176,"column":22}},"176":{"start":{"line":177,"column":0},"end":{"line":177,"column":27}},"177":{"start":{"line":178,"column":0},"end":{"line":178,"column":20}},"178":{"start":{"line":179,"column":0},"end":{"line":179,"column":20}},"179":{"start":{"line":180,"column":0},"end":{"line":180,"column":3}},"180":{"start":{"line":181,"column":0},"end":{"line":181,"column":1}},"181":{"start":{"line":182,"column":0},"end":{"line":182,"column":0}},"182":{"start":{"line":183,"column":0},"end":{"line":183,"column":18}}},"s":{"0":1,"1":1,"2":1,"3":1,"4":1,"5":1,"6":1,"7":1,"8":1,"9":1,"10":1,"11":1,"12":1,"13":1,"14":1,"15":1,"16":1,"17":1,"18":1,"19":1,"20":1,"21":1,"22":1,"23":1,"24":1,"25":1,"26":1,"27":1,"28":1,"29":1,"30":1,"31":1,"32":1,"33":32,"34":32,"35":27,"36":27,"37":1,"38":1,"39":1,"40":12,"41":12,"42":12,"43":3,"44":2,"45":2,"46":9,"47":12,"48":3,"49":3,"50":2,"51":2,"52":1,"53":1,"54":6,"55":6,"56":6,"57":1,"58":7,"59":7,"60":7,"61":7,"62":7,"63":5,"64":1,"65":1,"66":5,"67":7,"68":7,"69":7,"70":7,"71":1,"72":1,"73":10,"74":10,"75":2,"76":2,"77":1,"78":7,"79":7,"80":7,"81":5,"82":5,"83":7,"84":7,"85":5,"86":7,"87":7,"88":7,"89":7,"90":7,"91":4,"92":7,"93":3,"94":3,"95":7,"96":7,"97":7,"98":7,"99":4,"100":7,"101":3,"102":3,"103":7,"104":7,"105":7,"106":0,"107":0,"108":0,"109":0,"110":0,"111":0,"112":0,"113":0,"114":0,"115":7,"116":7,"117":2,"118":2,"119":2,"120":7,"121":7,"122":7,"123":7,"124":7,"125":7,"126":7,"127":7,"128":7,"129":7,"130":7,"131":7,"132":7,"133":7,"134":7,"135":7,"136":7,"137":7,"138":7,"139":7,"140":7,"141":7,"142":7,"143":7,"144":7,"145":7,"146":7,"147":7,"148":7,"149":7,"150":7,"151":7,"152":7,"153":7,"154":7,"155":7,"156":7,"157":7,"158":7,"159":7,"160":7,"161":7,"162":7,"163":7,"164":7,"165":7,"166":7,"167":7,"168":7,"169":7,"170":7,"171":7,"172":7,"173":7,"174":7,"175":7,"176":7,"177":7,"178":7,"179":7,"180":7,"181":1,"182":1},"branchMap":{"0":{"type":"branch","line":33,"loc":{"start":{"line":33,"column":23},"end":{"line":37,"column":1}},"locations":[{"start":{"line":33,"column":23},"end":{"line":37,"column":1}}]},"1":{"type":"branch","line":35,"loc":{"start":{"line":35,"column":16},"end":{"line":35,"column":75}},"locations":[{"start":{"line":35,"column":16},"end":{"line":35,"column":75}}]},"2":{"type":"branch","line":35,"loc":{"start":{"line":35,"column":74},"end":{"line":37,"column":1}},"locations":[{"start":{"line":35,"column":74},"end":{"line":37,"column":1}}]},"3":{"type":"branch","line":40,"loc":{"start":{"line":40,"column":30},"end":{"line":57,"column":1}},"locations":[{"start":{"line":40,"column":30},"end":{"line":57,"column":1}}]},"4":{"type":"branch","line":43,"loc":{"start":{"line":43,"column":7},"end":{"line":43,"column":23}},"locations":[{"start":{"line":43,"column":7},"end":{"line":43,"column":23}}]},"5":{"type":"branch","line":43,"loc":{"start":{"line":43,"column":23},"end":{"line":46,"column":3}},"locations":[{"start":{"line":43,"column":23},"end":{"line":46,"column":3}}]},"6":{"type":"branch","line":44,"loc":{"start":{"line":44,"column":24},"end":{"line":44,"column":46}},"locations":[{"start":{"line":44,"column":24},"end":{"line":44,"column":46}}]},"7":{"type":"branch","line":44,"loc":{"start":{"line":44,"column":43},"end":{"line":46,"column":3}},"locations":[{"start":{"line":44,"column":43},"end":{"line":46,"column":3}}]},"8":{"type":"branch","line":46,"loc":{"start":{"line":46,"column":2},"end":{"line":48,"column":22}},"locations":[{"start":{"line":46,"column":2},"end":{"line":48,"column":22}}]},"9":{"type":"branch","line":48,"loc":{"start":{"line":48,"column":6},"end":{"line":48,"column":56}},"locations":[{"start":{"line":48,"column":6},"end":{"line":48,"column":56}}]},"10":{"type":"branch","line":48,"loc":{"start":{"line":48,"column":56},"end":{"line":54,"column":3}},"locations":[{"start":{"line":48,"column":56},"end":{"line":54,"column":3}}]},"11":{"type":"branch","line":50,"loc":{"start":{"line":50,"column":30},"end":{"line":52,"column":5}},"locations":[{"start":{"line":50,"column":30},"end":{"line":52,"column":5}}]},"12":{"type":"branch","line":52,"loc":{"start":{"line":52,"column":4},"end":{"line":54,"column":3}},"locations":[{"start":{"line":52,"column":4},"end":{"line":54,"column":3}}]},"13":{"type":"branch","line":54,"loc":{"start":{"line":54,"column":2},"end":{"line":57,"column":1}},"locations":[{"start":{"line":54,"column":2},"end":{"line":57,"column":1}}]},"14":{"type":"branch","line":59,"loc":{"start":{"line":59,"column":0},"end":{"line":71,"column":1}},"locations":[{"start":{"line":59,"column":0},"end":{"line":71,"column":1}}]},"15":{"type":"branch","line":63,"loc":{"start":{"line":63,"column":12},"end":{"line":68,"column":5}},"locations":[{"start":{"line":63,"column":12},"end":{"line":68,"column":5}}]},"16":{"type":"branch","line":64,"loc":{"start":{"line":64,"column":22},"end":{"line":67,"column":5}},"locations":[{"start":{"line":64,"column":22},"end":{"line":67,"column":5}}]},"17":{"type":"branch","line":73,"loc":{"start":{"line":73,"column":7},"end":{"line":77,"column":1}},"locations":[{"start":{"line":73,"column":7},"end":{"line":77,"column":1}}]},"18":{"type":"branch","line":74,"loc":{"start":{"line":74,"column":13},"end":{"line":74,"column":28}},"locations":[{"start":{"line":74,"column":13},"end":{"line":74,"column":28}}]},"19":{"type":"branch","line":74,"loc":{"start":{"line":74,"column":20},"end":{"line":75,"column":35}},"locations":[{"start":{"line":74,"column":20},"end":{"line":75,"column":35}}]},"20":{"type":"branch","line":75,"loc":{"start":{"line":75,"column":28},"end":{"line":75,"column":43}},"locations":[{"start":{"line":75,"column":28},"end":{"line":75,"column":43}}]},"21":{"type":"branch","line":75,"loc":{"start":{"line":75,"column":35},"end":{"line":77,"column":1}},"locations":[{"start":{"line":75,"column":35},"end":{"line":77,"column":1}}]},"22":{"type":"branch","line":79,"loc":{"start":{"line":79,"column":0},"end":{"line":181,"column":1}},"locations":[{"start":{"line":79,"column":0},"end":{"line":181,"column":1}}]},"23":{"type":"branch","line":136,"loc":{"start":{"line":136,"column":40},"end":{"line":136,"column":112}},"locations":[{"start":{"line":136,"column":40},"end":{"line":136,"column":112}}]},"24":{"type":"branch","line":136,"loc":{"start":{"line":136,"column":74},"end":{"line":136,"column":95}},"locations":[{"start":{"line":136,"column":74},"end":{"line":136,"column":95}}]},"25":{"type":"branch","line":136,"loc":{"start":{"line":136,"column":84},"end":{"line":136,"column":107}},"locations":[{"start":{"line":136,"column":84},"end":{"line":136,"column":107}}]},"26":{"type":"branch","line":136,"loc":{"start":{"line":136,"column":107},"end":{"line":136,"column":123}},"locations":[{"start":{"line":136,"column":107},"end":{"line":136,"column":123}}]},"27":{"type":"branch","line":81,"loc":{"start":{"line":81,"column":107},"end":{"line":84,"column":3}},"locations":[{"start":{"line":81,"column":107},"end":{"line":84,"column":3}}]},"28":{"type":"branch","line":83,"loc":{"start":{"line":83,"column":11},"end":{"line":83,"column":39}},"locations":[{"start":{"line":83,"column":11},"end":{"line":83,"column":39}}]},"29":{"type":"branch","line":83,"loc":{"start":{"line":83,"column":35},"end":{"line":83,"column":43}},"locations":[{"start":{"line":83,"column":35},"end":{"line":83,"column":43}}]},"30":{"type":"branch","line":85,"loc":{"start":{"line":85,"column":52},"end":{"line":87,"column":3}},"locations":[{"start":{"line":85,"column":52},"end":{"line":87,"column":3}}]},"31":{"type":"branch","line":90,"loc":{"start":{"line":90,"column":12},"end":{"line":96,"column":5}},"locations":[{"start":{"line":90,"column":12},"end":{"line":96,"column":5}}]},"32":{"type":"branch","line":91,"loc":{"start":{"line":91,"column":14},"end":{"line":93,"column":11}},"locations":[{"start":{"line":91,"column":14},"end":{"line":93,"column":11}}]},"33":{"type":"branch","line":93,"loc":{"start":{"line":93,"column":4},"end":{"line":95,"column":5}},"locations":[{"start":{"line":93,"column":4},"end":{"line":95,"column":5}}]},"34":{"type":"branch","line":98,"loc":{"start":{"line":98,"column":12},"end":{"line":104,"column":5}},"locations":[{"start":{"line":98,"column":12},"end":{"line":104,"column":5}}]},"35":{"type":"branch","line":99,"loc":{"start":{"line":99,"column":15},"end":{"line":101,"column":11}},"locations":[{"start":{"line":99,"column":15},"end":{"line":101,"column":11}}]},"36":{"type":"branch","line":101,"loc":{"start":{"line":101,"column":4},"end":{"line":103,"column":5}},"locations":[{"start":{"line":101,"column":4},"end":{"line":103,"column":5}}]},"37":{"type":"branch","line":117,"loc":{"start":{"line":117,"column":17},"end":{"line":120,"column":3}},"locations":[{"start":{"line":117,"column":17},"end":{"line":120,"column":3}}]},"38":{"type":"branch","line":122,"loc":{"start":{"line":122,"column":28},"end":{"line":122,"column":68}},"locations":[{"start":{"line":122,"column":28},"end":{"line":122,"column":68}}]}},"b":{"0":[32],"1":[4],"2":[27],"3":[12],"4":[9],"5":[3],"6":[1],"7":[2],"8":[9],"9":[8],"10":[3],"11":[2],"12":[1],"13":[6],"14":[7],"15":[5],"16":[1],"17":[10],"18":[4],"19":[6],"20":[4],"21":[2],"22":[7],"23":[4],"24":[3],"25":[1],"26":[3],"27":[5],"28":[4],"29":[1],"30":[5],"31":[7],"32":[4],"33":[3],"34":[7],"35":[4],"36":[3],"37":[2],"38":[7]},"fnMap":{"0":{"name":"useAuth","decl":{"start":{"line":33,"column":23},"end":{"line":37,"column":1}},"loc":{"start":{"line":33,"column":23},"end":{"line":37,"column":1}},"line":33},"1":{"name":"ProtectedRoute","decl":{"start":{"line":40,"column":30},"end":{"line":57,"column":1}},"loc":{"start":{"line":40,"column":30},"end":{"line":57,"column":1}},"line":40},"2":{"name":"UnauthHandler","decl":{"start":{"line":59,"column":0},"end":{"line":71,"column":1}},"loc":{"start":{"line":59,"column":0},"end":{"line":71,"column":1}},"line":59},"3":{"name":"getDefaultPath","decl":{"start":{"line":73,"column":7},"end":{"line":77,"column":1}},"loc":{"start":{"line":73,"column":7},"end":{"line":77,"column":1}},"line":73},"4":{"name":"App","decl":{"start":{"line":79,"column":0},"end":{"line":181,"column":1}},"loc":{"start":{"line":79,"column":0},"end":{"line":181,"column":1}},"line":79},"5":{"name":"login","decl":{"start":{"line":106,"column":16},"end":{"line":115,"column":3}},"loc":{"start":{"line":106,"column":16},"end":{"line":115,"column":3}},"line":106},"6":{"name":"logout","decl":{"start":{"line":117,"column":17},"end":{"line":120,"column":3}},"loc":{"start":{"line":117,"column":17},"end":{"line":120,"column":3}},"line":117}},"f":{"0":32,"1":12,"2":7,"3":10,"4":7,"5":0,"6":2}}
,"C:\\Users\\rdmun\\Videos\\a-react-pwa\\incendios-valle\\frontend\\src\\api.ts": {"path":"C:\\Users\\rdmun\\Videos\\a-react-pwa\\incendios-valle\\frontend\\src\\api.ts","all":false,"statementMap":{"0":{"start":{"line":1,"column":0},"end":{"line":1,"column":75}},"1":{"start":{"line":2,"column":0},"end":{"line":2,"column":0}},"2":{"start":{"line":3,"column":0},"end":{"line":3,"column":46}},"3":{"start":{"line":4,"column":0},"end":{"line":4,"column":0}},"4":{"start":{"line":5,"column":0},"end":{"line":5,"column":51}},"5":{"start":{"line":6,"column":0},"end":{"line":6,"column":21}},"6":{"start":{"line":7,"column":0},"end":{"line":7,"column":1}},"7":{"start":{"line":8,"column":0},"end":{"line":8,"column":0}},"8":{"start":{"line":9,"column":0},"end":{"line":9,"column":64}},"9":{"start":{"line":10,"column":0},"end":{"line":10,"column":45}},"10":{"start":{"line":11,"column":0},"end":{"line":11,"column":20}},"11":{"start":{"line":12,"column":0},"end":{"line":12,"column":3}},"12":{"start":{"line":13,"column":0},"end":{"line":13,"column":12}},"13":{"start":{"line":14,"column":0},"end":{"line":14,"column":1}},"14":{"start":{"line":15,"column":0},"end":{"line":15,"column":0}},"15":{"start":{"line":16,"column":0},"end":{"line":16,"column":83}},"16":{"start":{"line":17,"column":0},"end":{"line":17,"column":57}},"17":{"start":{"line":18,"column":0},"end":{"line":18,"column":59}},"18":{"start":{"line":19,"column":0},"end":{"line":19,"column":49}},"19":{"start":{"line":20,"column":0},"end":{"line":20,"column":21}},"20":{"start":{"line":21,"column":0},"end":{"line":21,"column":3}},"21":{"start":{"line":22,"column":0},"end":{"line":22,"column":31}},"22":{"start":{"line":23,"column":0},"end":{"line":23,"column":7}},"23":{"start":{"line":24,"column":0},"end":{"line":24,"column":27}},"24":{"start":{"line":25,"column":0},"end":{"line":25,"column":11}},"25":{"start":{"line":26,"column":0},"end":{"line":26,"column":50}},"26":{"start":{"line":27,"column":0},"end":{"line":27,"column":3}},"27":{"start":{"line":28,"column":0},"end":{"line":28,"column":1}},"28":{"start":{"line":29,"column":0},"end":{"line":29,"column":0}},"29":{"start":{"line":30,"column":0},"end":{"line":30,"column":20}},"30":{"start":{"line":31,"column":0},"end":{"line":31,"column":53}},"31":{"start":{"line":32,"column":0},"end":{"line":32,"column":49}},"32":{"start":{"line":33,"column":0},"end":{"line":33,"column":21}},"33":{"start":{"line":34,"column":0},"end":{"line":34,"column":54}},"34":{"start":{"line":35,"column":0},"end":{"line":35,"column":47}},"35":{"start":{"line":36,"column":0},"end":{"line":36,"column":6}},"36":{"start":{"line":37,"column":0},"end":{"line":37,"column":18}},"37":{"start":{"line":38,"column":0},"end":{"line":38,"column":37}},"38":{"start":{"line":39,"column":0},"end":{"line":39,"column":84}},"39":{"start":{"line":40,"column":0},"end":{"line":40,"column":5}},"40":{"start":{"line":41,"column":0},"end":{"line":41,"column":21}},"41":{"start":{"line":42,"column":0},"end":{"line":42,"column":4}},"42":{"start":{"line":43,"column":0},"end":{"line":43,"column":0}},"43":{"start":{"line":44,"column":0},"end":{"line":44,"column":72}},"44":{"start":{"line":45,"column":0},"end":{"line":45,"column":52}},"45":{"start":{"line":46,"column":0},"end":{"line":46,"column":21}},"46":{"start":{"line":47,"column":0},"end":{"line":47,"column":54}},"47":{"start":{"line":48,"column":0},"end":{"line":48,"column":70}},"48":{"start":{"line":49,"column":0},"end":{"line":49,"column":6}},"49":{"start":{"line":50,"column":0},"end":{"line":50,"column":18}},"50":{"start":{"line":51,"column":0},"end":{"line":51,"column":37}},"51":{"start":{"line":52,"column":0},"end":{"line":52,"column":87}},"52":{"start":{"line":53,"column":0},"end":{"line":53,"column":5}},"53":{"start":{"line":54,"column":0},"end":{"line":54,"column":21}},"54":{"start":{"line":55,"column":0},"end":{"line":55,"column":4}},"55":{"start":{"line":56,"column":0},"end":{"line":56,"column":0}},"56":{"start":{"line":57,"column":0},"end":{"line":57,"column":55}},"57":{"start":{"line":58,"column":0},"end":{"line":58,"column":35}},"58":{"start":{"line":59,"column":0},"end":{"line":59,"column":33}},"59":{"start":{"line":60,"column":0},"end":{"line":60,"column":75}},"60":{"start":{"line":61,"column":0},"end":{"line":61,"column":21}},"61":{"start":{"line":62,"column":0},"end":{"line":62,"column":20}},"62":{"start":{"line":63,"column":0},"end":{"line":63,"column":7}},"63":{"start":{"line":64,"column":0},"end":{"line":64,"column":18}},"64":{"start":{"line":65,"column":0},"end":{"line":65,"column":37}},"65":{"start":{"line":66,"column":0},"end":{"line":66,"column":85}},"66":{"start":{"line":67,"column":0},"end":{"line":67,"column":5}},"67":{"start":{"line":68,"column":0},"end":{"line":68,"column":35}},"68":{"start":{"line":69,"column":0},"end":{"line":69,"column":26}},"69":{"start":{"line":70,"column":0},"end":{"line":70,"column":4}},"70":{"start":{"line":71,"column":0},"end":{"line":71,"column":0}},"71":{"start":{"line":72,"column":0},"end":{"line":72,"column":158}},"72":{"start":{"line":73,"column":0},"end":{"line":73,"column":68}},"73":{"start":{"line":74,"column":0},"end":{"line":74,"column":21}},"74":{"start":{"line":75,"column":0},"end":{"line":75,"column":17}},"75":{"start":{"line":76,"column":0},"end":{"line":76,"column":43}},"76":{"start":{"line":77,"column":0},"end":{"line":77,"column":42}},"77":{"start":{"line":78,"column":0},"end":{"line":78,"column":8}},"78":{"start":{"line":79,"column":0},"end":{"line":79,"column":32}},"79":{"start":{"line":80,"column":0},"end":{"line":80,"column":7}},"80":{"start":{"line":81,"column":0},"end":{"line":81,"column":18}},"81":{"start":{"line":82,"column":0},"end":{"line":82,"column":37}},"82":{"start":{"line":83,"column":0},"end":{"line":83,"column":95}},"83":{"start":{"line":84,"column":0},"end":{"line":84,"column":5}},"84":{"start":{"line":85,"column":0},"end":{"line":85,"column":21}},"85":{"start":{"line":86,"column":0},"end":{"line":86,"column":4}},"86":{"start":{"line":87,"column":0},"end":{"line":87,"column":0}},"87":{"start":{"line":88,"column":0},"end":{"line":88,"column":32}},"88":{"start":{"line":89,"column":0},"end":{"line":89,"column":55}},"89":{"start":{"line":90,"column":0},"end":{"line":90,"column":18}},"90":{"start":{"line":91,"column":0},"end":{"line":91,"column":37}},"91":{"start":{"line":92,"column":0},"end":{"line":92,"column":93}},"92":{"start":{"line":93,"column":0},"end":{"line":93,"column":5}},"93":{"start":{"line":94,"column":0},"end":{"line":94,"column":21}},"94":{"start":{"line":95,"column":0},"end":{"line":95,"column":4}},"95":{"start":{"line":96,"column":0},"end":{"line":96,"column":0}},"96":{"start":{"line":97,"column":0},"end":{"line":97,"column":57}},"97":{"start":{"line":98,"column":0},"end":{"line":98,"column":23}},"98":{"start":{"line":99,"column":0},"end":{"line":99,"column":46}},"99":{"start":{"line":100,"column":0},"end":{"line":100,"column":28}},"100":{"start":{"line":101,"column":0},"end":{"line":101,"column":51}},"101":{"start":{"line":102,"column":0},"end":{"line":102,"column":53}},"102":{"start":{"line":103,"column":0},"end":{"line":103,"column":7}},"103":{"start":{"line":104,"column":0},"end":{"line":104,"column":18}},"104":{"start":{"line":105,"column":0},"end":{"line":105,"column":37}},"105":{"start":{"line":106,"column":0},"end":{"line":106,"column":95}},"106":{"start":{"line":107,"column":0},"end":{"line":107,"column":5}},"107":{"start":{"line":108,"column":0},"end":{"line":108,"column":21}},"108":{"start":{"line":109,"column":0},"end":{"line":109,"column":4}},"109":{"start":{"line":110,"column":0},"end":{"line":110,"column":0}},"110":{"start":{"line":111,"column":0},"end":{"line":111,"column":152}},"111":{"start":{"line":112,"column":0},"end":{"line":112,"column":52}},"112":{"start":{"line":113,"column":0},"end":{"line":113,"column":21}},"113":{"start":{"line":114,"column":0},"end":{"line":114,"column":54}},"114":{"start":{"line":115,"column":0},"end":{"line":115,"column":32}},"115":{"start":{"line":116,"column":0},"end":{"line":116,"column":6}},"116":{"start":{"line":117,"column":0},"end":{"line":117,"column":18}},"117":{"start":{"line":118,"column":0},"end":{"line":118,"column":37}},"118":{"start":{"line":119,"column":0},"end":{"line":119,"column":105}},"119":{"start":{"line":120,"column":0},"end":{"line":120,"column":5}},"120":{"start":{"line":121,"column":0},"end":{"line":121,"column":21}},"121":{"start":{"line":122,"column":0},"end":{"line":122,"column":3}},"122":{"start":{"line":123,"column":0},"end":{"line":123,"column":1}}},"s":{"0":1,"1":1,"2":1,"3":1,"4":1,"5":7,"6":7,"7":1,"8":1,"9":8,"10":2,"11":2,"12":8,"13":8,"14":1,"15":1,"16":1,"17":7,"18":7,"19":5,"20":5,"21":2,"22":2,"23":2,"24":2,"25":2,"26":2,"27":7,"28":1,"29":1,"30":1,"31":4,"32":4,"33":4,"34":4,"35":4,"36":4,"37":2,"38":2,"39":2,"40":1,"41":4,"42":1,"43":1,"44":2,"45":2,"46":2,"47":2,"48":2,"49":2,"50":1,"51":1,"52":1,"53":1,"54":2,"55":1,"56":1,"57":2,"58":2,"59":2,"60":2,"61":2,"62":2,"63":2,"64":1,"65":1,"66":1,"67":1,"68":1,"69":2,"70":1,"71":1,"72":4,"73":4,"74":4,"75":4,"76":4,"77":4,"78":4,"79":4,"80":4,"81":2,"82":2,"83":2,"84":2,"85":4,"86":1,"87":1,"88":1,"89":1,"90":0,"91":0,"92":0,"93":1,"94":1,"95":1,"96":1,"97":4,"98":4,"99":0,"100":4,"101":4,"102":4,"103":2,"104":1,"105":1,"106":1,"107":1,"108":4,"109":1,"110":1,"111":2,"112":2,"113":2,"114":2,"115":2,"116":2,"117":0,"118":0,"119":0,"120":2,"121":2,"122":1},"branchMap":{"0":{"type":"branch","line":5,"loc":{"start":{"line":5,"column":7},"end":{"line":7,"column":1}},"locations":[{"start":{"line":5,"column":7},"end":{"line":7,"column":1}}]},"1":{"type":"branch","line":9,"loc":{"start":{"line":9,"column":19},"end":{"line":14,"column":1}},"locations":[{"start":{"line":9,"column":19},"end":{"line":14,"column":1}}]},"2":{"type":"branch","line":10,"loc":{"start":{"line":10,"column":21},"end":{"line":10,"column":44}},"locations":[{"start":{"line":10,"column":21},"end":{"line":10,"column":44}}]},"3":{"type":"branch","line":10,"loc":{"start":{"line":10,"column":44},"end":{"line":12,"column":3}},"locations":[{"start":{"line":10,"column":44},"end":{"line":12,"column":3}}]},"4":{"type":"branch","line":17,"loc":{"start":{"line":17,"column":17},"end":{"line":28,"column":1}},"locations":[{"start":{"line":17,"column":17},"end":{"line":28,"column":1}}]},"5":{"type":"branch","line":18,"loc":{"start":{"line":18,"column":52},"end":{"line":18,"column":59}},"locations":[{"start":{"line":18,"column":52},"end":{"line":18,"column":59}}]},"6":{"type":"branch","line":19,"loc":{"start":{"line":19,"column":48},"end":{"line":21,"column":3}},"locations":[{"start":{"line":19,"column":48},"end":{"line":21,"column":3}}]},"7":{"type":"branch","line":21,"loc":{"start":{"line":21,"column":2},"end":{"line":27,"column":3}},"locations":[{"start":{"line":21,"column":2},"end":{"line":27,"column":3}}]},"8":{"type":"branch","line":26,"loc":{"start":{"line":26,"column":20},"end":{"line":26,"column":49}},"locations":[{"start":{"line":26,"column":20},"end":{"line":26,"column":49}}]},"9":{"type":"branch","line":31,"loc":{"start":{"line":31,"column":9},"end":{"line":42,"column":4}},"locations":[{"start":{"line":31,"column":9},"end":{"line":42,"column":4}}]},"10":{"type":"branch","line":36,"loc":{"start":{"line":36,"column":5},"end":{"line":37,"column":17}},"locations":[{"start":{"line":36,"column":5},"end":{"line":37,"column":17}}]},"11":{"type":"branch","line":37,"loc":{"start":{"line":37,"column":17},"end":{"line":40,"column":5}},"locations":[{"start":{"line":37,"column":17},"end":{"line":40,"column":5}}]},"12":{"type":"branch","line":39,"loc":{"start":{"line":39,"column":26},"end":{"line":39,"column":49}},"locations":[{"start":{"line":39,"column":26},"end":{"line":39,"column":49}}]},"13":{"type":"branch","line":39,"loc":{"start":{"line":39,"column":39},"end":{"line":39,"column":83}},"locations":[{"start":{"line":39,"column":39},"end":{"line":39,"column":83}}]},"14":{"type":"branch","line":40,"loc":{"start":{"line":40,"column":4},"end":{"line":41,"column":21}},"locations":[{"start":{"line":40,"column":4},"end":{"line":41,"column":21}}]},"15":{"type":"branch","line":44,"loc":{"start":{"line":44,"column":12},"end":{"line":55,"column":4}},"locations":[{"start":{"line":44,"column":12},"end":{"line":55,"column":4}}]},"16":{"type":"branch","line":50,"loc":{"start":{"line":50,"column":17},"end":{"line":54,"column":21}},"locations":[{"start":{"line":50,"column":17},"end":{"line":54,"column":21}}]},"17":{"type":"branch","line":52,"loc":{"start":{"line":52,"column":39},"end":{"line":52,"column":86}},"locations":[{"start":{"line":52,"column":39},"end":{"line":52,"column":86}}]},"18":{"type":"branch","line":57,"loc":{"start":{"line":57,"column":15},"end":{"line":70,"column":4}},"locations":[{"start":{"line":57,"column":15},"end":{"line":70,"column":4}}]},"19":{"type":"branch","line":64,"loc":{"start":{"line":64,"column":17},"end":{"line":69,"column":26}},"locations":[{"start":{"line":64,"column":17},"end":{"line":69,"column":26}}]},"20":{"type":"branch","line":66,"loc":{"start":{"line":66,"column":26},"end":{"line":66,"column":49}},"locations":[{"start":{"line":66,"column":26},"end":{"line":66,"column":49}}]},"21":{"type":"branch","line":66,"loc":{"start":{"line":66,"column":39},"end":{"line":66,"column":84}},"locations":[{"start":{"line":66,"column":39},"end":{"line":66,"column":84}}]},"22":{"type":"branch","line":72,"loc":{"start":{"line":72,"column":16},"end":{"line":86,"column":4}},"locations":[{"start":{"line":72,"column":16},"end":{"line":86,"column":4}}]},"23":{"type":"branch","line":81,"loc":{"start":{"line":81,"column":17},"end":{"line":85,"column":21}},"locations":[{"start":{"line":81,"column":17},"end":{"line":85,"column":21}}]},"24":{"type":"branch","line":83,"loc":{"start":{"line":83,"column":39},"end":{"line":83,"column":94}},"locations":[{"start":{"line":83,"column":39},"end":{"line":83,"column":94}}]},"25":{"type":"branch","line":88,"loc":{"start":{"line":88,"column":19},"end":{"line":95,"column":4}},"locations":[{"start":{"line":88,"column":19},"end":{"line":95,"column":4}}]},"26":{"type":"branch","line":90,"loc":{"start":{"line":90,"column":17},"end":{"line":93,"column":5}},"locations":[{"start":{"line":90,"column":17},"end":{"line":93,"column":5}}]},"27":{"type":"branch","line":97,"loc":{"start":{"line":97,"column":14},"end":{"line":109,"column":4}},"locations":[{"start":{"line":97,"column":14},"end":{"line":109,"column":4}}]},"28":{"type":"branch","line":99,"loc":{"start":{"line":99,"column":44},"end":{"line":100,"column":28}},"locations":[{"start":{"line":99,"column":44},"end":{"line":100,"column":28}}]},"29":{"type":"branch","line":103,"loc":{"start":{"line":103,"column":6},"end":{"line":107,"column":5}},"locations":[{"start":{"line":103,"column":6},"end":{"line":107,"column":5}}]},"30":{"type":"branch","line":104,"loc":{"start":{"line":104,"column":17},"end":{"line":107,"column":5}},"locations":[{"start":{"line":104,"column":17},"end":{"line":107,"column":5}}]},"31":{"type":"branch","line":106,"loc":{"start":{"line":106,"column":26},"end":{"line":106,"column":49}},"locations":[{"start":{"line":106,"column":26},"end":{"line":106,"column":49}}]},"32":{"type":"branch","line":106,"loc":{"start":{"line":106,"column":39},"end":{"line":106,"column":94}},"locations":[{"start":{"line":106,"column":39},"end":{"line":106,"column":94}}]},"33":{"type":"branch","line":107,"loc":{"start":{"line":107,"column":4},"end":{"line":108,"column":21}},"locations":[{"start":{"line":107,"column":4},"end":{"line":108,"column":21}}]},"34":{"type":"branch","line":111,"loc":{"start":{"line":111,"column":23},"end":{"line":122,"column":3}},"locations":[{"start":{"line":111,"column":23},"end":{"line":122,"column":3}}]},"35":{"type":"branch","line":117,"loc":{"start":{"line":117,"column":17},"end":{"line":120,"column":5}},"locations":[{"start":{"line":117,"column":17},"end":{"line":120,"column":5}}]}},"b":{"0":[7],"1":[8],"2":[2],"3":[2],"4":[7],"5":[0],"6":[5],"7":[2],"8":[1],"9":[4],"10":[3],"11":[2],"12":[1],"13":[0],"14":[1],"15":[2],"16":[1],"17":[0],"18":[2],"19":[1],"20":[0],"21":[0],"22":[4],"23":[2],"24":[0],"25":[1],"26":[0],"27":[4],"28":[0],"29":[2],"30":[1],"31":[0],"32":[0],"33":[1],"34":[2],"35":[0]},"fnMap":{"0":{"name":"setOnUnauthorized","decl":{"start":{"line":5,"column":7},"end":{"line":7,"column":1}},"loc":{"start":{"line":5,"column":7},"end":{"line":7,"column":1}},"line":5},"1":{"name":"handleAuth","decl":{"start":{"line":9,"column":19},"end":{"line":14,"column":1}},"loc":{"start":{"line":9,"column":19},"end":{"line":14,"column":1}},"line":9},"2":{"name":"safeJson","decl":{"start":{"line":17,"column":17},"end":{"line":28,"column":1}},"loc":{"start":{"line":17,"column":17},"end":{"line":28,"column":1}},"line":17},"3":{"name":"login","decl":{"start":{"line":31,"column":9},"end":{"line":42,"column":4}},"loc":{"start":{"line":31,"column":9},"end":{"line":42,"column":4}},"line":31},"4":{"name":"register","decl":{"start":{"line":44,"column":12},"end":{"line":55,"column":4}},"loc":{"start":{"line":44,"column":12},"end":{"line":55,"column":4}},"line":44},"5":{"name":"uploadImage","decl":{"start":{"line":57,"column":15},"end":{"line":70,"column":4}},"loc":{"start":{"line":57,"column":15},"end":{"line":70,"column":4}},"line":57},"6":{"name":"createReport","decl":{"start":{"line":72,"column":16},"end":{"line":86,"column":4}},"loc":{"start":{"line":72,"column":16},"end":{"line":86,"column":4}},"line":72},"7":{"name":"getFocosActivos","decl":{"start":{"line":88,"column":19},"end":{"line":95,"column":4}},"loc":{"start":{"line":88,"column":19},"end":{"line":95,"column":4}},"line":88},"8":{"name":"getReports","decl":{"start":{"line":97,"column":14},"end":{"line":109,"column":4}},"loc":{"start":{"line":97,"column":14},"end":{"line":109,"column":4}},"line":97},"9":{"name":"createReportAnonimo","decl":{"start":{"line":111,"column":23},"end":{"line":122,"column":3}},"loc":{"start":{"line":111,"column":23},"end":{"line":122,"column":3}},"line":111}},"f":{"0":7,"1":8,"2":7,"3":4,"4":2,"5":2,"6":4,"7":1,"8":4,"9":2}}
,"C:\\Users\\rdmun\\Videos\\a-react-pwa\\incendios-valle\\frontend\\src\\main.tsx": {"path":"C:\\Users\\rdmun\\Videos\\a-react-pwa\\incendios-valle\\frontend\\src\\main.tsx","all":true,"statementMap":{"0":{"start":{"line":1,"column":0},"end":{"line":1,"column":25}},"1":{"start":{"line":2,"column":0},"end":{"line":2,"column":39}},"2":{"start":{"line":3,"column":0},"end":{"line":3,"column":27}},"3":{"start":{"line":4,"column":0},"end":{"line":4,"column":20}},"4":{"start":{"line":5,"column":0},"end":{"line":5,"column":33}},"5":{"start":{"line":6,"column":0},"end":{"line":6,"column":0}},"6":{"start":{"line":7,"column":0},"end":{"line":7,"column":61}},"7":{"start":{"line":8,"column":0},"end":{"line":8,"column":20}},"8":{"start":{"line":9,"column":0},"end":{"line":9,"column":11}},"9":{"start":{"line":10,"column":0},"end":{"line":10,"column":22}},"10":{"start":{"line":11,"column":0},"end":{"line":11,"column":1}}},"s":{"0":0,"1":0,"2":0,"3":0,"4":0,"5":0,"6":0,"7":0,"8":0,"9":0,"10":0},"branchMap":{"0":{"type":"branch","line":1,"loc":{"start":{"line":1,"column":279},"end":{"line":11,"column":1}},"locations":[{"start":{"line":1,"column":279},"end":{"line":11,"column":1}}]}},"b":{"0":[0]},"fnMap":{"0":{"name":"(empty-report)","decl":{"start":{"line":1,"column":279},"end":{"line":11,"column":1}},"loc":{"start":{"line":1,"column":279},"end":{"line":11,"column":1}},"line":1}},"f":{"0":0}}
,"C:\\Users\\rdmun\\Videos\\a-react-pwa\\incendios-valle\\frontend\\src\\components\\AlertBanner.tsx": {"path":"C:\\Users\\rdmun\\Videos\\a-react-pwa\\incendios-valle\\frontend\\src\\components\\AlertBanner.tsx","all":false,"statementMap":{"0":{"start":{"line":1,"column":0},"end":{"line":1,"column":43}},"1":{"start":{"line":2,"column":0},"end":{"line":2,"column":60}},"2":{"start":{"line":3,"column":0},"end":{"line":3,"column":0}},"3":{"start":{"line":4,"column":0},"end":{"line":4,"column":17}},"4":{"start":{"line":5,"column":0},"end":{"line":5,"column":12}},"5":{"start":{"line":6,"column":0},"end":{"line":6,"column":20}},"6":{"start":{"line":7,"column":0},"end":{"line":7,"column":17}},"7":{"start":{"line":8,"column":0},"end":{"line":8,"column":19}},"8":{"start":{"line":9,"column":0},"end":{"line":9,"column":17}},"9":{"start":{"line":10,"column":0},"end":{"line":10,"column":18}},"10":{"start":{"line":11,"column":0},"end":{"line":11,"column":16}},"11":{"start":{"line":12,"column":0},"end":{"line":12,"column":15}},"12":{"start":{"line":13,"column":0},"end":{"line":13,"column":20}},"13":{"start":{"line":14,"column":0},"end":{"line":14,"column":1}},"14":{"start":{"line":15,"column":0},"end":{"line":15,"column":0}},"15":{"start":{"line":16,"column":0},"end":{"line":16,"column":45}},"16":{"start":{"line":17,"column":0},"end":{"line":17,"column":39}},"17":{"start":{"line":18,"column":0},"end":{"line":18,"column":42}},"18":{"start":{"line":19,"column":0},"end":{"line":19,"column":43}},"19":{"start":{"line":20,"column":0},"end":{"line":20,"column":38}},"20":{"start":{"line":21,"column":0},"end":{"line":21,"column":1}},"21":{"start":{"line":22,"column":0},"end":{"line":22,"column":0}},"22":{"start":{"line":23,"column":0},"end":{"line":23,"column":53}},"23":{"start":{"line":24,"column":0},"end":{"line":24,"column":60}},"24":{"start":{"line":25,"column":0},"end":{"line":25,"column":49}},"25":{"start":{"line":26,"column":0},"end":{"line":26,"column":63}},"26":{"start":{"line":27,"column":0},"end":{"line":27,"column":48}},"27":{"start":{"line":28,"column":0},"end":{"line":28,"column":1}},"28":{"start":{"line":29,"column":0},"end":{"line":29,"column":0}},"29":{"start":{"line":30,"column":0},"end":{"line":30,"column":56}},"30":{"start":{"line":31,"column":0},"end":{"line":31,"column":27}},"31":{"start":{"line":32,"column":0},"end":{"line":32,"column":0}},"32":{"start":{"line":33,"column":0},"end":{"line":33,"column":31}},"33":{"start":{"line":34,"column":0},"end":{"line":34,"column":73}},"34":{"start":{"line":35,"column":0},"end":{"line":35,"column":7}},"35":{"start":{"line":36,"column":0},"end":{"line":36,"column":31}},"36":{"start":{"line":37,"column":0},"end":{"line":37,"column":99}},"37":{"start":{"line":38,"column":0},"end":{"line":38,"column":40}},"38":{"start":{"line":39,"column":0},"end":{"line":39,"column":5}},"39":{"start":{"line":40,"column":0},"end":{"line":40,"column":53}},"40":{"start":{"line":41,"column":0},"end":{"line":41,"column":11}},"41":{"start":{"line":42,"column":0},"end":{"line":42,"column":38}},"42":{"start":{"line":43,"column":0},"end":{"line":43,"column":3}},"43":{"start":{"line":44,"column":0},"end":{"line":44,"column":1}},"44":{"start":{"line":45,"column":0},"end":{"line":45,"column":0}},"45":{"start":{"line":46,"column":0},"end":{"line":46,"column":29}},"46":{"start":{"line":47,"column":0},"end":{"line":47,"column":0}},"47":{"start":{"line":48,"column":0},"end":{"line":48,"column":39}},"48":{"start":{"line":49,"column":0},"end":{"line":49,"column":51}},"49":{"start":{"line":50,"column":0},"end":{"line":50,"column":68}},"50":{"start":{"line":51,"column":0},"end":{"line":51,"column":0}},"51":{"start":{"line":52,"column":0},"end":{"line":52,"column":19}},"52":{"start":{"line":53,"column":0},"end":{"line":53,"column":37}},"53":{"start":{"line":54,"column":0},"end":{"line":54,"column":11}},"54":{"start":{"line":55,"column":0},"end":{"line":55,"column":69}},"55":{"start":{"line":56,"column":0},"end":{"line":56,"column":22}},"56":{"start":{"line":57,"column":0},"end":{"line":57,"column":40}},"57":{"start":{"line":58,"column":0},"end":{"line":58,"column":25}},"58":{"start":{"line":59,"column":0},"end":{"line":59,"column":9}},"59":{"start":{"line":60,"column":0},"end":{"line":60,"column":15}},"60":{"start":{"line":61,"column":0},"end":{"line":61,"column":22}},"61":{"start":{"line":62,"column":0},"end":{"line":62,"column":7}},"62":{"start":{"line":63,"column":0},"end":{"line":63,"column":5}},"63":{"start":{"line":64,"column":0},"end":{"line":64,"column":17}},"64":{"start":{"line":65,"column":0},"end":{"line":65,"column":60}},"65":{"start":{"line":66,"column":0},"end":{"line":66,"column":40}},"66":{"start":{"line":67,"column":0},"end":{"line":67,"column":8}},"67":{"start":{"line":68,"column":0},"end":{"line":68,"column":0}},"68":{"start":{"line":69,"column":0},"end":{"line":69,"column":35}},"69":{"start":{"line":70,"column":0},"end":{"line":70,"column":47}},"70":{"start":{"line":71,"column":0},"end":{"line":71,"column":28}},"71":{"start":{"line":72,"column":0},"end":{"line":72,"column":36}},"72":{"start":{"line":73,"column":0},"end":{"line":73,"column":64}},"73":{"start":{"line":74,"column":0},"end":{"line":74,"column":22}},"74":{"start":{"line":75,"column":0},"end":{"line":75,"column":3}},"75":{"start":{"line":76,"column":0},"end":{"line":76,"column":0}},"76":{"start":{"line":77,"column":0},"end":{"line":77,"column":64}},"77":{"start":{"line":78,"column":0},"end":{"line":78,"column":0}},"78":{"start":{"line":79,"column":0},"end":{"line":79,"column":45}},"79":{"start":{"line":80,"column":0},"end":{"line":80,"column":0}},"80":{"start":{"line":81,"column":0},"end":{"line":81,"column":10}},"81":{"start":{"line":82,"column":0},"end":{"line":82,"column":94}},"82":{"start":{"line":83,"column":0},"end":{"line":83,"column":35}},"83":{"start":{"line":84,"column":0},"end":{"line":84,"column":12}},"84":{"start":{"line":85,"column":0},"end":{"line":85,"column":24}},"85":{"start":{"line":86,"column":0},"end":{"line":86,"column":158}},"86":{"start":{"line":87,"column":0},"end":{"line":87,"column":22}},"87":{"start":{"line":88,"column":0},"end":{"line":88,"column":9}},"88":{"start":{"line":89,"column":0},"end":{"line":89,"column":105}},"89":{"start":{"line":90,"column":0},"end":{"line":90,"column":42}},"90":{"start":{"line":91,"column":0},"end":{"line":91,"column":69}},"91":{"start":{"line":92,"column":0},"end":{"line":92,"column":65}},"92":{"start":{"line":93,"column":0},"end":{"line":93,"column":16}},"93":{"start":{"line":94,"column":0},"end":{"line":94,"column":109}},"94":{"start":{"line":95,"column":0},"end":{"line":95,"column":37}},"95":{"start":{"line":96,"column":0},"end":{"line":96,"column":19}},"96":{"start":{"line":97,"column":0},"end":{"line":97,"column":14}},"97":{"start":{"line":98,"column":0},"end":{"line":98,"column":9}},"98":{"start":{"line":99,"column":0},"end":{"line":99,"column":10}},"99":{"start":{"line":100,"column":0},"end":{"line":100,"column":3}},"100":{"start":{"line":101,"column":0},"end":{"line":101,"column":1}}},"s":{"0":1,"1":1,"2":1,"3":1,"4":1,"5":1,"6":1,"7":1,"8":1,"9":1,"10":1,"11":1,"12":1,"13":1,"14":1,"15":1,"16":1,"17":1,"18":1,"19":1,"20":1,"21":1,"22":1,"23":1,"24":1,"25":1,"26":1,"27":1,"28":1,"29":1,"30":1,"31":1,"32":2,"33":2,"34":2,"35":2,"36":2,"37":0,"38":0,"39":2,"40":2,"41":0,"42":0,"43":2,"44":1,"45":1,"46":1,"47":19,"48":19,"49":19,"50":19,"51":19,"52":11,"53":11,"54":11,"55":10,"56":5,"57":5,"58":5,"59":11,"60":1,"61":1,"62":11,"63":11,"64":11,"65":11,"66":19,"67":19,"68":19,"69":1,"70":1,"71":1,"72":1,"73":1,"74":1,"75":19,"76":19,"77":19,"78":19,"79":5,"80":5,"81":5,"82":5,"83":9,"84":9,"85":9,"86":9,"87":9,"88":9,"89":9,"90":9,"91":9,"92":9,"93":9,"94":9,"95":9,"96":9,"97":5,"98":5,"99":5,"100":5},"branchMap":{"0":{"type":"branch","line":33,"loc":{"start":{"line":33,"column":0},"end":{"line":44,"column":1}},"locations":[{"start":{"line":33,"column":0},"end":{"line":44,"column":1}}]},"1":{"type":"branch","line":37,"loc":{"start":{"line":37,"column":98},"end":{"line":39,"column":5}},"locations":[{"start":{"line":37,"column":98},"end":{"line":39,"column":5}}]},"2":{"type":"branch","line":40,"loc":{"start":{"line":40,"column":27},"end":{"line":40,"column":50}},"locations":[{"start":{"line":40,"column":27},"end":{"line":40,"column":50}}]},"3":{"type":"branch","line":41,"loc":{"start":{"line":41,"column":2},"end":{"line":43,"column":3}},"locations":[{"start":{"line":41,"column":2},"end":{"line":43,"column":3}}]},"4":{"type":"branch","line":37,"loc":{"start":{"line":37,"column":32},"end":{"line":37,"column":95}},"locations":[{"start":{"line":37,"column":32},"end":{"line":37,"column":95}}]},"5":{"type":"branch","line":37,"loc":{"start":{"line":37,"column":57},"end":{"line":37,"column":95}},"locations":[{"start":{"line":37,"column":57},"end":{"line":37,"column":95}}]},"6":{"type":"branch","line":48,"loc":{"start":{"line":48,"column":0},"end":{"line":101,"column":1}},"locations":[{"start":{"line":48,"column":0},"end":{"line":101,"column":1}}]},"7":{"type":"branch","line":79,"loc":{"start":{"line":79,"column":34},"end":{"line":79,"column":45}},"locations":[{"start":{"line":79,"column":34},"end":{"line":79,"column":45}}]},"8":{"type":"branch","line":79,"loc":{"start":{"line":79,"column":41},"end":{"line":101,"column":1}},"locations":[{"start":{"line":79,"column":41},"end":{"line":101,"column":1}}]},"9":{"type":"branch","line":52,"loc":{"start":{"line":52,"column":12},"end":{"line":67,"column":5}},"locations":[{"start":{"line":52,"column":12},"end":{"line":67,"column":5}}]},"10":{"type":"branch","line":53,"loc":{"start":{"line":53,"column":24},"end":{"line":63,"column":5}},"locations":[{"start":{"line":53,"column":24},"end":{"line":63,"column":5}}]},"11":{"type":"branch","line":55,"loc":{"start":{"line":55,"column":68},"end":{"line":59,"column":9}},"locations":[{"start":{"line":55,"column":68},"end":{"line":59,"column":9}}]},"12":{"type":"branch","line":55,"loc":{"start":{"line":55,"column":68},"end":{"line":56,"column":21}},"locations":[{"start":{"line":55,"column":68},"end":{"line":56,"column":21}}]},"13":{"type":"branch","line":56,"loc":{"start":{"line":56,"column":21},"end":{"line":59,"column":9}},"locations":[{"start":{"line":56,"column":21},"end":{"line":59,"column":9}}]},"14":{"type":"branch","line":60,"loc":{"start":{"line":60,"column":6},"end":{"line":62,"column":7}},"locations":[{"start":{"line":60,"column":6},"end":{"line":62,"column":7}}]},"15":{"type":"branch","line":66,"loc":{"start":{"line":66,"column":11},"end":{"line":66,"column":40}},"locations":[{"start":{"line":66,"column":11},"end":{"line":66,"column":40}}]},"16":{"type":"branch","line":69,"loc":{"start":{"line":69,"column":18},"end":{"line":75,"column":3}},"locations":[{"start":{"line":69,"column":18},"end":{"line":75,"column":3}}]},"17":{"type":"branch","line":72,"loc":{"start":{"line":72,"column":30},"end":{"line":72,"column":36}},"locations":[{"start":{"line":72,"column":30},"end":{"line":72,"column":36}}]},"18":{"type":"branch","line":70,"loc":{"start":{"line":70,"column":17},"end":{"line":70,"column":46}},"locations":[{"start":{"line":70,"column":17},"end":{"line":70,"column":46}}]},"19":{"type":"branch","line":77,"loc":{"start":{"line":77,"column":38},"end":{"line":77,"column":63}},"locations":[{"start":{"line":77,"column":38},"end":{"line":77,"column":63}}]},"20":{"type":"branch","line":83,"loc":{"start":{"line":83,"column":25},"end":{"line":97,"column":14}},"locations":[{"start":{"line":83,"column":25},"end":{"line":97,"column":14}}]},"21":{"type":"branch","line":86,"loc":{"start":{"line":86,"column":117},"end":{"line":86,"column":138}},"locations":[{"start":{"line":86,"column":117},"end":{"line":86,"column":138}}]},"22":{"type":"branch","line":89,"loc":{"start":{"line":89,"column":77},"end":{"line":89,"column":98}},"locations":[{"start":{"line":89,"column":77},"end":{"line":89,"column":98}}]},"23":{"type":"branch","line":94,"loc":{"start":{"line":94,"column":27},"end":{"line":94,"column":52}},"locations":[{"start":{"line":94,"column":27},"end":{"line":94,"column":52}}]}},"b":{"0":[2],"1":[0],"2":[0],"3":[0],"4":[2],"5":[0],"6":[19],"7":[14],"8":[5],"9":[11],"10":[11],"11":[10],"12":[6],"13":[5],"14":[1],"15":[11],"16":[1],"17":[0],"18":[1],"19":[10],"20":[9],"21":[0],"22":[0],"23":[1]},"fnMap":{"0":{"name":"getApiBase","decl":{"start":{"line":33,"column":0},"end":{"line":44,"column":1}},"loc":{"start":{"line":33,"column":0},"end":{"line":44,"column":1}},"line":33},"1":{"name":"AlertBanner","decl":{"start":{"line":48,"column":0},"end":{"line":101,"column":1}},"loc":{"start":{"line":48,"column":0},"end":{"line":101,"column":1}},"line":48},"2":{"name":"fetchAlerts","decl":{"start":{"line":53,"column":24},"end":{"line":63,"column":5}},"loc":{"start":{"line":53,"column":24},"end":{"line":63,"column":5}},"line":53},"3":{"name":"dismiss","decl":{"start":{"line":69,"column":18},"end":{"line":75,"column":3}},"loc":{"start":{"line":69,"column":18},"end":{"line":75,"column":3}},"line":69},"4":{"name":"onClick","decl":{"start":{"line":94,"column":27},"end":{"line":94,"column":52}},"loc":{"start":{"line":94,"column":27},"end":{"line":94,"column":52}},"line":94}},"f":{"0":2,"1":19,"2":11,"3":1,"4":1}}
,"C:\\Users\\rdmun\\Videos\\a-react-pwa\\incendios-valle\\frontend\\src\\components\\AvisoNavegadorEmbebido.tsx": {"path":"C:\\Users\\rdmun\\Videos\\a-react-pwa\\incendios-valle\\frontend\\src\\components\\AvisoNavegadorEmbebido.tsx","all":false,"statementMap":{"0":{"start":{"line":1,"column":0},"end":{"line":1,"column":43}},"1":{"start":{"line":2,"column":0},"end":{"line":2,"column":84}},"2":{"start":{"line":3,"column":0},"end":{"line":3,"column":0}},"3":{"start":{"line":4,"column":0},"end":{"line":4,"column":50}},"4":{"start":{"line":5,"column":0},"end":{"line":5,"column":47}},"5":{"start":{"line":6,"column":0},"end":{"line":6,"column":67}},"6":{"start":{"line":7,"column":0},"end":{"line":7,"column":0}},"7":{"start":{"line":8,"column":0},"end":{"line":8,"column":19}},"8":{"start":{"line":9,"column":0},"end":{"line":9,"column":48}},"9":{"start":{"line":10,"column":0},"end":{"line":10,"column":45}},"10":{"start":{"line":11,"column":0},"end":{"line":11,"column":33}},"11":{"start":{"line":12,"column":0},"end":{"line":12,"column":29}},"12":{"start":{"line":13,"column":0},"end":{"line":13,"column":22}},"13":{"start":{"line":14,"column":0},"end":{"line":14,"column":5}},"14":{"start":{"line":15,"column":0},"end":{"line":15,"column":8}},"15":{"start":{"line":16,"column":0},"end":{"line":16,"column":0}},"16":{"start":{"line":17,"column":0},"end":{"line":17,"column":27}},"17":{"start":{"line":18,"column":0},"end":{"line":18,"column":0}},"18":{"start":{"line":19,"column":0},"end":{"line":19,"column":10}},"19":{"start":{"line":20,"column":0},"end":{"line":20,"column":114}},"20":{"start":{"line":21,"column":0},"end":{"line":21,"column":63}},"21":{"start":{"line":22,"column":0},"end":{"line":22,"column":52}},"22":{"start":{"line":23,"column":0},"end":{"line":23,"column":60}},"23":{"start":{"line":24,"column":0},"end":{"line":24,"column":69}},"24":{"start":{"line":25,"column":0},"end":{"line":25,"column":84}},"25":{"start":{"line":26,"column":0},"end":{"line":26,"column":106}},"26":{"start":{"line":27,"column":0},"end":{"line":27,"column":12}},"27":{"start":{"line":28,"column":0},"end":{"line":28,"column":15}},"28":{"start":{"line":29,"column":0},"end":{"line":29,"column":43}},"29":{"start":{"line":30,"column":0},"end":{"line":30,"column":99}},"30":{"start":{"line":31,"column":0},"end":{"line":31,"column":29}},"31":{"start":{"line":32,"column":0},"end":{"line":32,"column":9}},"32":{"start":{"line":33,"column":0},"end":{"line":33,"column":11}},"33":{"start":{"line":34,"column":0},"end":{"line":34,"column":17}},"34":{"start":{"line":35,"column":0},"end":{"line":35,"column":12}},"35":{"start":{"line":36,"column":0},"end":{"line":36,"column":10}},"36":{"start":{"line":37,"column":0},"end":{"line":37,"column":3}},"37":{"start":{"line":38,"column":0},"end":{"line":38,"column":1}}},"s":{"0":1,"1":1,"2":1,"3":14,"4":14,"5":14,"6":14,"7":14,"8":9,"9":9,"10":9,"11":2,"12":2,"13":2,"14":14,"15":14,"16":14,"17":2,"18":2,"19":2,"20":2,"21":2,"22":2,"23":2,"24":2,"25":2,"26":2,"27":2,"28":2,"29":2,"30":2,"31":2,"32":2,"33":2,"34":2,"35":2,"36":2,"37":2},"branchMap":{"0":{"type":"branch","line":4,"loc":{"start":{"line":4,"column":0},"end":{"line":38,"column":1}},"locations":[{"start":{"line":4,"column":0},"end":{"line":38,"column":1}}]},"1":{"type":"branch","line":17,"loc":{"start":{"line":17,"column":16},"end":{"line":17,"column":27}},"locations":[{"start":{"line":17,"column":16},"end":{"line":17,"column":27}}]},"2":{"type":"branch","line":17,"loc":{"start":{"line":17,"column":23},"end":{"line":38,"column":1}},"locations":[{"start":{"line":17,"column":23},"end":{"line":38,"column":1}}]},"3":{"type":"branch","line":8,"loc":{"start":{"line":8,"column":12},"end":{"line":15,"column":5}},"locations":[{"start":{"line":8,"column":12},"end":{"line":15,"column":5}}]},"4":{"type":"branch","line":11,"loc":{"start":{"line":11,"column":8},"end":{"line":11,"column":32}},"locations":[{"start":{"line":11,"column":8},"end":{"line":11,"column":32}}]},"5":{"type":"branch","line":11,"loc":{"start":{"line":11,"column":32},"end":{"line":14,"column":5}},"locations":[{"start":{"line":11,"column":32},"end":{"line":14,"column":5}}]},"6":{"type":"branch","line":29,"loc":{"start":{"line":29,"column":19},"end":{"line":29,"column":43}},"locations":[{"start":{"line":29,"column":19},"end":{"line":29,"column":43}}]}},"b":{"0":[14],"1":[12],"2":[2],"3":[9],"4":[3],"5":[2],"6":[1]},"fnMap":{"0":{"name":"AvisoNavegadorEmbebido","decl":{"start":{"line":4,"column":0},"end":{"line":38,"column":1}},"loc":{"start":{"line":4,"column":0},"end":{"line":38,"column":1}},"line":4},"1":{"name":"onClick","decl":{"start":{"line":29,"column":19},"end":{"line":29,"column":43}},"loc":{"start":{"line":29,"column":19},"end":{"line":29,"column":43}},"line":29}},"f":{"0":14,"1":1}}
,"C:\\Users\\rdmun\\Videos\\a-react-pwa\\incendios-valle\\frontend\\src\\components\\ErrorBoundary.tsx": {"path":"C:\\Users\\rdmun\\Videos\\a-react-pwa\\incendios-valle\\frontend\\src\\components\\ErrorBoundary.tsx","all":false,"statementMap":{"0":{"start":{"line":1,"column":0},"end":{"line":1,"column":44}},"1":{"start":{"line":2,"column":0},"end":{"line":2,"column":36}},"2":{"start":{"line":3,"column":0},"end":{"line":3,"column":0}},"3":{"start":{"line":4,"column":0},"end":{"line":4,"column":17}},"4":{"start":{"line":5,"column":0},"end":{"line":5,"column":21}},"5":{"start":{"line":6,"column":0},"end":{"line":6,"column":1}},"6":{"start":{"line":7,"column":0},"end":{"line":7,"column":0}},"7":{"start":{"line":8,"column":0},"end":{"line":8,"column":17}},"8":{"start":{"line":9,"column":0},"end":{"line":9,"column":19}},"9":{"start":{"line":10,"column":0},"end":{"line":10,"column":21}},"10":{"start":{"line":11,"column":0},"end":{"line":11,"column":1}},"11":{"start":{"line":12,"column":0},"end":{"line":12,"column":0}},"12":{"start":{"line":13,"column":0},"end":{"line":13,"column":68}},"13":{"start":{"line":14,"column":0},"end":{"line":14,"column":29}},"14":{"start":{"line":15,"column":0},"end":{"line":15,"column":16}},"15":{"start":{"line":16,"column":0},"end":{"line":16,"column":49}},"16":{"start":{"line":17,"column":0},"end":{"line":17,"column":3}},"17":{"start":{"line":18,"column":0},"end":{"line":18,"column":0}},"18":{"start":{"line":19,"column":0},"end":{"line":19,"column":56}},"19":{"start":{"line":20,"column":0},"end":{"line":20,"column":36}},"20":{"start":{"line":21,"column":0},"end":{"line":21,"column":3}},"21":{"start":{"line":22,"column":0},"end":{"line":22,"column":0}},"22":{"start":{"line":23,"column":0},"end":{"line":23,"column":12}},"23":{"start":{"line":24,"column":0},"end":{"line":24,"column":30}},"24":{"start":{"line":25,"column":0},"end":{"line":25,"column":14}},"25":{"start":{"line":26,"column":0},"end":{"line":26,"column":87}},"26":{"start":{"line":27,"column":0},"end":{"line":27,"column":48}},"27":{"start":{"line":28,"column":0},"end":{"line":28,"column":51}},"28":{"start":{"line":29,"column":0},"end":{"line":29,"column":84}},"29":{"start":{"line":30,"column":0},"end":{"line":30,"column":46}},"30":{"start":{"line":31,"column":0},"end":{"line":31,"column":70}},"31":{"start":{"line":32,"column":0},"end":{"line":32,"column":16}},"32":{"start":{"line":33,"column":0},"end":{"line":33,"column":19}},"33":{"start":{"line":34,"column":0},"end":{"line":34,"column":31}},"34":{"start":{"line":35,"column":0},"end":{"line":35,"column":23}},"35":{"start":{"line":36,"column":0},"end":{"line":36,"column":30}},"36":{"start":{"line":37,"column":0},"end":{"line":37,"column":63}},"37":{"start":{"line":38,"column":0},"end":{"line":38,"column":44}},"38":{"start":{"line":39,"column":0},"end":{"line":39,"column":16}},"39":{"start":{"line":40,"column":0},"end":{"line":40,"column":13}},"40":{"start":{"line":41,"column":0},"end":{"line":41,"column":24}},"41":{"start":{"line":42,"column":0},"end":{"line":42,"column":21}},"42":{"start":{"line":43,"column":0},"end":{"line":43,"column":16}},"43":{"start":{"line":44,"column":0},"end":{"line":44,"column":14}},"44":{"start":{"line":45,"column":0},"end":{"line":45,"column":7}},"45":{"start":{"line":46,"column":0},"end":{"line":46,"column":5}},"46":{"start":{"line":47,"column":0},"end":{"line":47,"column":30}},"47":{"start":{"line":48,"column":0},"end":{"line":48,"column":3}},"48":{"start":{"line":49,"column":0},"end":{"line":49,"column":1}}},"s":{"0":1,"1":1,"2":1,"3":1,"4":1,"5":1,"6":1,"7":1,"8":1,"9":1,"10":1,"11":1,"12":1,"13":1,"14":11,"15":11,"16":11,"17":1,"18":1,"19":6,"20":6,"21":1,"22":1,"23":20,"24":6,"25":6,"26":6,"27":6,"28":6,"29":6,"30":6,"31":6,"32":6,"33":6,"34":6,"35":6,"36":1,"37":1,"38":1,"39":6,"40":6,"41":6,"42":6,"43":6,"44":6,"45":6,"46":14,"47":20,"48":1},"branchMap":{"0":{"type":"branch","line":14,"loc":{"start":{"line":14,"column":2},"end":{"line":17,"column":3}},"locations":[{"start":{"line":14,"column":2},"end":{"line":17,"column":3}}]},"1":{"type":"branch","line":19,"loc":{"start":{"line":19,"column":9},"end":{"line":21,"column":3}},"locations":[{"start":{"line":19,"column":9},"end":{"line":21,"column":3}}]},"2":{"type":"branch","line":23,"loc":{"start":{"line":23,"column":2},"end":{"line":48,"column":3}},"locations":[{"start":{"line":23,"column":2},"end":{"line":48,"column":3}}]},"3":{"type":"branch","line":24,"loc":{"start":{"line":24,"column":29},"end":{"line":46,"column":5}},"locations":[{"start":{"line":24,"column":29},"end":{"line":46,"column":5}}]},"4":{"type":"branch","line":46,"loc":{"start":{"line":46,"column":4},"end":{"line":47,"column":30}},"locations":[{"start":{"line":46,"column":4},"end":{"line":47,"column":30}}]},"5":{"type":"branch","line":36,"loc":{"start":{"line":36,"column":23},"end":{"line":39,"column":16}},"locations":[{"start":{"line":36,"column":23},"end":{"line":39,"column":16}}]}},"b":{"0":[11],"1":[6],"2":[20],"3":[6],"4":[14],"5":[1]},"fnMap":{"0":{"name":"ErrorBoundary","decl":{"start":{"line":14,"column":2},"end":{"line":17,"column":3}},"loc":{"start":{"line":14,"column":2},"end":{"line":17,"column":3}},"line":14},"1":{"name":"getDerivedStateFromError","decl":{"start":{"line":19,"column":9},"end":{"line":21,"column":3}},"loc":{"start":{"line":19,"column":9},"end":{"line":21,"column":3}},"line":19},"2":{"name":"render","decl":{"start":{"line":23,"column":2},"end":{"line":48,"column":3}},"loc":{"start":{"line":23,"column":2},"end":{"line":48,"column":3}},"line":23},"3":{"name":"onClick","decl":{"start":{"line":36,"column":23},"end":{"line":39,"column":16}},"loc":{"start":{"line":36,"column":23},"end":{"line":39,"column":16}},"line":36}},"f":{"0":11,"1":6,"2":20,"3":1}}
,"C:\\Users\\rdmun\\Videos\\a-react-pwa\\incendios-valle\\frontend\\src\\components\\OfflineBanner.tsx": {"path":"C:\\Users\\rdmun\\Videos\\a-react-pwa\\incendios-valle\\frontend\\src\\components\\OfflineBanner.tsx","all":false,"statementMap":{"0":{"start":{"line":1,"column":0},"end":{"line":1,"column":43}},"1":{"start":{"line":2,"column":0},"end":{"line":2,"column":0}},"2":{"start":{"line":3,"column":0},"end":{"line":3,"column":41}},"3":{"start":{"line":4,"column":0},"end":{"line":4,"column":59}},"4":{"start":{"line":5,"column":0},"end":{"line":5,"column":0}},"5":{"start":{"line":6,"column":0},"end":{"line":6,"column":19}},"6":{"start":{"line":7,"column":0},"end":{"line":7,"column":38}},"7":{"start":{"line":8,"column":0},"end":{"line":8,"column":38}},"8":{"start":{"line":9,"column":0},"end":{"line":9,"column":45}},"9":{"start":{"line":10,"column":0},"end":{"line":10,"column":47}},"10":{"start":{"line":11,"column":0},"end":{"line":11,"column":18}},"11":{"start":{"line":12,"column":0},"end":{"line":12,"column":50}},"12":{"start":{"line":13,"column":0},"end":{"line":13,"column":52}},"13":{"start":{"line":14,"column":0},"end":{"line":14,"column":5}},"14":{"start":{"line":15,"column":0},"end":{"line":15,"column":8}},"15":{"start":{"line":16,"column":0},"end":{"line":16,"column":0}},"16":{"start":{"line":17,"column":0},"end":{"line":17,"column":27}},"17":{"start":{"line":18,"column":0},"end":{"line":18,"column":0}},"18":{"start":{"line":19,"column":0},"end":{"line":19,"column":10}},"19":{"start":{"line":20,"column":0},"end":{"line":20,"column":125}},"20":{"start":{"line":21,"column":0},"end":{"line":21,"column":72}},"21":{"start":{"line":22,"column":0},"end":{"line":22,"column":10}},"22":{"start":{"line":23,"column":0},"end":{"line":23,"column":3}},"23":{"start":{"line":24,"column":0},"end":{"line":24,"column":1}}},"s":{"0":1,"1":1,"2":14,"3":14,"4":14,"5":14,"6":10,"7":10,"8":10,"9":10,"10":10,"11":10,"12":10,"13":10,"14":14,"15":14,"16":14,"17":3,"18":3,"19":3,"20":3,"21":3,"22":3,"23":3},"branchMap":{"0":{"type":"branch","line":3,"loc":{"start":{"line":3,"column":0},"end":{"line":24,"column":1}},"locations":[{"start":{"line":3,"column":0},"end":{"line":24,"column":1}}]},"1":{"type":"branch","line":17,"loc":{"start":{"line":17,"column":16},"end":{"line":17,"column":27}},"locations":[{"start":{"line":17,"column":16},"end":{"line":17,"column":27}}]},"2":{"type":"branch","line":17,"loc":{"start":{"line":17,"column":23},"end":{"line":24,"column":1}},"locations":[{"start":{"line":17,"column":23},"end":{"line":24,"column":1}}]},"3":{"type":"branch","line":6,"loc":{"start":{"line":6,"column":12},"end":{"line":15,"column":5}},"locations":[{"start":{"line":6,"column":12},"end":{"line":15,"column":5}}]},"4":{"type":"branch","line":7,"loc":{"start":{"line":7,"column":15},"end":{"line":7,"column":38}},"locations":[{"start":{"line":7,"column":15},"end":{"line":7,"column":38}}]},"5":{"type":"branch","line":8,"loc":{"start":{"line":8,"column":16},"end":{"line":8,"column":38}},"locations":[{"start":{"line":8,"column":16},"end":{"line":8,"column":38}}]},"6":{"type":"branch","line":11,"loc":{"start":{"line":11,"column":11},"end":{"line":14,"column":5}},"locations":[{"start":{"line":11,"column":11},"end":{"line":14,"column":5}}]}},"b":{"0":[14],"1":[11],"2":[3],"3":[10],"4":[1],"5":[1],"6":[10]},"fnMap":{"0":{"name":"OfflineBanner","decl":{"start":{"line":3,"column":0},"end":{"line":24,"column":1}},"loc":{"start":{"line":3,"column":0},"end":{"line":24,"column":1}},"line":3},"1":{"name":"on","decl":{"start":{"line":7,"column":15},"end":{"line":7,"column":38}},"loc":{"start":{"line":7,"column":15},"end":{"line":7,"column":38}},"line":7},"2":{"name":"off","decl":{"start":{"line":8,"column":16},"end":{"line":8,"column":38}},"loc":{"start":{"line":8,"column":16},"end":{"line":8,"column":38}},"line":8}},"f":{"0":14,"1":1,"2":1}}
,"C:\\Users\\rdmun\\Videos\\a-react-pwa\\incendios-valle\\frontend\\src\\components\\Toast.tsx": {"path":"C:\\Users\\rdmun\\Videos\\a-react-pwa\\incendios-valle\\frontend\\src\\components\\Toast.tsx","all":false,"statementMap":{"0":{"start":{"line":1,"column":0},"end":{"line":1,"column":40}},"1":{"start":{"line":2,"column":0},"end":{"line":2,"column":0}},"2":{"start":{"line":3,"column":0},"end":{"line":3,"column":44}},"3":{"start":{"line":4,"column":0},"end":{"line":4,"column":37}},"4":{"start":{"line":5,"column":0},"end":{"line":5,"column":33}},"5":{"start":{"line":6,"column":0},"end":{"line":6,"column":38}},"6":{"start":{"line":7,"column":0},"end":{"line":7,"column":33}},"7":{"start":{"line":8,"column":0},"end":{"line":8,"column":1}},"8":{"start":{"line":9,"column":0},"end":{"line":9,"column":0}},"9":{"start":{"line":10,"column":0},"end":{"line":10,"column":43}},"10":{"start":{"line":11,"column":0},"end":{"line":11,"column":15}},"11":{"start":{"line":12,"column":0},"end":{"line":12,"column":13}},"12":{"start":{"line":13,"column":0},"end":{"line":13,"column":15}},"13":{"start":{"line":14,"column":0},"end":{"line":14,"column":12}},"14":{"start":{"line":15,"column":0},"end":{"line":15,"column":1}},"15":{"start":{"line":16,"column":0},"end":{"line":16,"column":0}},"16":{"start":{"line":17,"column":0},"end":{"line":17,"column":42}},"17":{"start":{"line":18,"column":0},"end":{"line":18,"column":44}},"18":{"start":{"line":19,"column":0},"end":{"line":19,"column":0}},"19":{"start":{"line":20,"column":0},"end":{"line":20,"column":38}},"20":{"start":{"line":21,"column":0},"end":{"line":21,"column":0}},"21":{"start":{"line":22,"column":0},"end":{"line":22,"column":10}},"22":{"start":{"line":23,"column":0},"end":{"line":23,"column":75}},"23":{"start":{"line":24,"column":0},"end":{"line":24,"column":28}},"24":{"start":{"line":25,"column":0},"end":{"line":25,"column":12}},"25":{"start":{"line":26,"column":0},"end":{"line":26,"column":24}},"26":{"start":{"line":27,"column":0},"end":{"line":27,"column":148}},"27":{"start":{"line":28,"column":0},"end":{"line":28,"column":22}},"28":{"start":{"line":29,"column":0},"end":{"line":29,"column":9}},"29":{"start":{"line":30,"column":0},"end":{"line":30,"column":90}},"30":{"start":{"line":31,"column":0},"end":{"line":31,"column":59}},"31":{"start":{"line":32,"column":0},"end":{"line":32,"column":17}},"32":{"start":{"line":33,"column":0},"end":{"line":33,"column":49}},"33":{"start":{"line":34,"column":0},"end":{"line":34,"column":73}},"34":{"start":{"line":35,"column":0},"end":{"line":35,"column":31}},"35":{"start":{"line":36,"column":0},"end":{"line":36,"column":11}},"36":{"start":{"line":37,"column":0},"end":{"line":37,"column":13}},"37":{"start":{"line":38,"column":0},"end":{"line":38,"column":19}},"38":{"start":{"line":39,"column":0},"end":{"line":39,"column":14}},"39":{"start":{"line":40,"column":0},"end":{"line":40,"column":9}},"40":{"start":{"line":41,"column":0},"end":{"line":41,"column":10}},"41":{"start":{"line":42,"column":0},"end":{"line":42,"column":3}},"42":{"start":{"line":43,"column":0},"end":{"line":43,"column":1}}},"s":{"0":1,"1":1,"2":1,"3":1,"4":1,"5":1,"6":1,"7":1,"8":1,"9":1,"10":1,"11":1,"12":1,"13":1,"14":1,"15":1,"16":26,"17":26,"18":26,"19":26,"20":10,"21":10,"22":10,"23":10,"24":12,"25":12,"26":12,"27":12,"28":12,"29":12,"30":12,"31":12,"32":12,"33":12,"34":12,"35":12,"36":12,"37":12,"38":12,"39":10,"40":10,"41":10,"42":10},"branchMap":{"0":{"type":"branch","line":17,"loc":{"start":{"line":17,"column":0},"end":{"line":43,"column":1}},"locations":[{"start":{"line":17,"column":0},"end":{"line":43,"column":1}}]},"1":{"type":"branch","line":20,"loc":{"start":{"line":20,"column":27},"end":{"line":20,"column":38}},"locations":[{"start":{"line":20,"column":27},"end":{"line":20,"column":38}}]},"2":{"type":"branch","line":20,"loc":{"start":{"line":20,"column":34},"end":{"line":43,"column":1}},"locations":[{"start":{"line":20,"column":34},"end":{"line":43,"column":1}}]},"3":{"type":"branch","line":24,"loc":{"start":{"line":24,"column":18},"end":{"line":39,"column":14}},"locations":[{"start":{"line":24,"column":18},"end":{"line":39,"column":14}}]},"4":{"type":"branch","line":33,"loc":{"start":{"line":33,"column":21},"end":{"line":33,"column":49}},"locations":[{"start":{"line":33,"column":21},"end":{"line":33,"column":49}}]}},"b":{"0":[26],"1":[16],"2":[10],"3":[12],"4":[1]},"fnMap":{"0":{"name":"ToastContainer","decl":{"start":{"line":17,"column":0},"end":{"line":43,"column":1}},"loc":{"start":{"line":17,"column":0},"end":{"line":43,"column":1}},"line":17},"1":{"name":"onClick","decl":{"start":{"line":33,"column":21},"end":{"line":33,"column":49}},"loc":{"start":{"line":33,"column":21},"end":{"line":33,"column":49}},"line":33}},"f":{"0":26,"1":1}}
,"C:\\Users\\rdmun\\Videos\\a-react-pwa\\incendios-valle\\frontend\\src\\components\\ui\\Button.tsx": {"path":"C:\\Users\\rdmun\\Videos\\a-react-pwa\\incendios-valle\\frontend\\src\\components\\ui\\Button.tsx","all":false,"statementMap":{"0":{"start":{"line":1,"column":0},"end":{"line":1,"column":55}},"1":{"start":{"line":2,"column":0},"end":{"line":2,"column":0}},"2":{"start":{"line":3,"column":0},"end":{"line":3,"column":59}},"3":{"start":{"line":4,"column":0},"end":{"line":4,"column":30}},"4":{"start":{"line":5,"column":0},"end":{"line":5,"column":0}},"5":{"start":{"line":6,"column":0},"end":{"line":6,"column":48}},"6":{"start":{"line":7,"column":0},"end":{"line":7,"column":54}},"7":{"start":{"line":8,"column":0},"end":{"line":8,"column":59}},"8":{"start":{"line":9,"column":0},"end":{"line":9,"column":51}},"9":{"start":{"line":10,"column":0},"end":{"line":10,"column":58}},"10":{"start":{"line":11,"column":0},"end":{"line":11,"column":1}},"11":{"start":{"line":12,"column":0},"end":{"line":12,"column":0}},"12":{"start":{"line":13,"column":0},"end":{"line":13,"column":42}},"13":{"start":{"line":14,"column":0},"end":{"line":14,"column":36}},"14":{"start":{"line":15,"column":0},"end":{"line":15,"column":37}},"15":{"start":{"line":16,"column":0},"end":{"line":16,"column":39}},"16":{"start":{"line":17,"column":0},"end":{"line":17,"column":1}},"17":{"start":{"line":18,"column":0},"end":{"line":18,"column":0}},"18":{"start":{"line":19,"column":0},"end":{"line":19,"column":71}},"19":{"start":{"line":20,"column":0},"end":{"line":20,"column":28}},"20":{"start":{"line":21,"column":0},"end":{"line":21,"column":22}},"21":{"start":{"line":22,"column":0},"end":{"line":22,"column":28}},"22":{"start":{"line":23,"column":0},"end":{"line":23,"column":27}},"23":{"start":{"line":24,"column":0},"end":{"line":24,"column":30}},"24":{"start":{"line":25,"column":0},"end":{"line":25,"column":1}},"25":{"start":{"line":26,"column":0},"end":{"line":26,"column":0}},"26":{"start":{"line":27,"column":0},"end":{"line":27,"column":146}},"27":{"start":{"line":28,"column":0},"end":{"line":28,"column":10}},"28":{"start":{"line":29,"column":0},"end":{"line":29,"column":11}},"29":{"start":{"line":30,"column":0},"end":{"line":30,"column":176}},"30":{"start":{"line":31,"column":0},"end":{"line":31,"column":36}},"31":{"start":{"line":32,"column":0},"end":{"line":32,"column":16}},"32":{"start":{"line":33,"column":0},"end":{"line":33,"column":5}},"33":{"start":{"line":34,"column":0},"end":{"line":34,"column":18}},"34":{"start":{"line":35,"column":0},"end":{"line":35,"column":88}},"35":{"start":{"line":36,"column":0},"end":{"line":36,"column":15}},"36":{"start":{"line":37,"column":0},"end":{"line":37,"column":16}},"37":{"start":{"line":38,"column":0},"end":{"line":38,"column":13}},"38":{"start":{"line":39,"column":0},"end":{"line":39,"column":3}},"39":{"start":{"line":40,"column":0},"end":{"line":40,"column":1}}},"s":{"0":1,"1":1,"2":1,"3":1,"4":1,"5":1,"6":1,"7":1,"8":1,"9":1,"10":1,"11":1,"12":1,"13":1,"14":1,"15":1,"16":1,"17":1,"18":1,"19":1,"20":1,"21":1,"22":1,"23":1,"24":1,"25":1,"26":1,"27":565,"28":565,"29":565,"30":565,"31":565,"32":565,"33":565,"34":9,"35":556,"36":565,"37":565,"38":565,"39":565},"branchMap":{"0":{"type":"branch","line":27,"loc":{"start":{"line":27,"column":7},"end":{"line":40,"column":1}},"locations":[{"start":{"line":27,"column":7},"end":{"line":40,"column":1}}]},"1":{"type":"branch","line":31,"loc":{"start":{"line":31,"column":16},"end":{"line":31,"column":36}},"locations":[{"start":{"line":31,"column":16},"end":{"line":31,"column":36}}]},"2":{"type":"branch","line":34,"loc":{"start":{"line":34,"column":7},"end":{"line":35,"column":88}},"locations":[{"start":{"line":34,"column":7},"end":{"line":35,"column":88}}]},"3":{"type":"branch","line":35,"loc":{"start":{"line":35,"column":86},"end":{"line":36,"column":15}},"locations":[{"start":{"line":35,"column":86},"end":{"line":36,"column":15}}]}},"b":{"0":[565],"1":[564],"2":[9],"3":[556]},"fnMap":{"0":{"name":"Button","decl":{"start":{"line":27,"column":7},"end":{"line":40,"column":1}},"loc":{"start":{"line":27,"column":7},"end":{"line":40,"column":1}},"line":27}},"f":{"0":565}}
[...]
:12}},"6":{"start":{"line":7,"column":0},"end":{"line":7,"column":17}},"7":{"start":{"line":8,"column":0},"end":{"line":8,"column":17}},"8":{"start":{"line":9,"column":0},"end":{"line":9,"column":19}},"9":{"start":{"line":10,"column":0},"end":{"line":10,"column":1}},"10":{"start":{"line":11,"column":0},"end":{"line":11,"column":0}},"11":{"start":{"line":12,"column":0},"end":{"line":12,"column":28}},"12":{"start":{"line":13,"column":0},"end":{"line":13,"column":17}},"13":{"start":{"line":14,"column":0},"end":{"line":14,"column":74}},"14":{"start":{"line":15,"column":0},"end":{"line":15,"column":35}},"15":{"start":{"line":16,"column":0},"end":{"line":16,"column":1}},"16":{"start":{"line":17,"column":0},"end":{"line":17,"column":0}},"17":{"start":{"line":18,"column":0},"end":{"line":18,"column":65}},"18":{"start":{"line":19,"column":0},"end":{"line":19,"column":0}},"19":{"start":{"line":20,"column":0},"end":{"line":20,"column":31}},"20":{"start":{"line":21,"column":0},"end":{"line":21,"column":42}},"21":{"start":{"line":22,"column":0},"end":{"line":22,"column":77}},"22":{"start":{"line":23,"column":0},"end":{"line":23,"column":16}},"23":{"start":{"line":24,"column":0},"end":{"line":24,"column":1}},"24":{"start":{"line":25,"column":0},"end":{"line":25,"column":0}},"25":{"start":{"line":26,"column":0},"end":{"line":26,"column":68}},"26":{"start":{"line":27,"column":0},"end":{"line":27,"column":40}},"27":{"start":{"line":28,"column":0},"end":{"line":28,"column":1}},"28":{"start":{"line":29,"column":0},"end":{"line":29,"column":0}},"29":{"start":{"line":30,"column":0},"end":{"line":30,"column":79}},"30":{"start":{"line":31,"column":0},"end":{"line":31,"column":51}},"31":{"start":{"line":32,"column":0},"end":{"line":32,"column":0}},"32":{"start":{"line":33,"column":0},"end":{"line":33,"column":96}},"33":{"start":{"line":34,"column":0},"end":{"line":34,"column":65}},"34":{"start":{"line":35,"column":0},"end":{"line":35,"column":65}},"35":{"start":{"line":36,"column":0},"end":{"line":36,"column":23}},"36":{"start":{"line":37,"column":0},"end":{"line":37,"column":24}},"37":{"start":{"line":38,"column":0},"end":{"line":38,"column":56}},"38":{"start":{"line":39,"column":0},"end":{"line":39,"column":18}},"39":{"start":{"line":40,"column":0},"end":{"line":40,"column":5}},"40":{"start":{"line":41,"column":0},"end":{"line":41,"column":8}},"41":{"start":{"line":42,"column":0},"end":{"line":42,"column":0}},"42":{"start":{"line":43,"column":0},"end":{"line":43,"column":51}},"43":{"start":{"line":44,"column":0},"end":{"line":44,"column":52}},"44":{"start":{"line":45,"column":0},"end":{"line":45,"column":8}},"45":{"start":{"line":46,"column":0},"end":{"line":46,"column":0}},"46":{"start":{"line":47,"column":0},"end":{"line":47,"column":106}},"47":{"start":{"line":48,"column":0},"end":{"line":48,"column":0}},"48":{"start":{"line":49,"column":0},"end":{"line":49,"column":10}},"49":{"start":{"line":50,"column":0},"end":{"line":50,"column":48}},"50":{"start":{"line":51,"column":0},"end":{"line":51,"column":16}},"51":{"start":{"line":52,"column":0},"end":{"line":52,"column":28}},"52":{"start":{"line":53,"column":0},"end":{"line":53,"column":3}},"53":{"start":{"line":54,"column":0},"end":{"line":54,"column":1}}},"s":{"0":1,"1":1,"2":1,"3":1,"4":1,"5":1,"6":1,"7":1,"8":1,"9":1,"10":1,"11":1,"12":1,"13":1,"14":1,"15":1,"16":1,"17":1,"18":1,"19":1,"20":228,"21":228,"22":223,"23":223,"24":1,"25":1,"26":1,"27":1,"28":1,"29":1,"30":63,"31":63,"32":63,"33":13,"34":13,"35":13,"36":12,"37":1,"38":12,"39":12,"40":63,"41":63,"42":63,"43":1,"44":63,"45":63,"46":63,"47":63,"48":63,"49":63,"50":63,"51":63,"52":63,"53":63},"branchMap":{"0":{"type":"branch","line":20,"loc":{"start":{"line":20,"column":24},"end":{"line":24,"column":1}},"locations":[{"start":{"line":20,"column":24},"end":{"line":24,"column":1}}]},"1":{"type":"branch","line":22,"loc":{"start":{"line":22,"column":16},"end":{"line":22,"column":77}},"locations":[{"start":{"line":22,"column":16},"end":{"line":22,"column":77}}]},"2":{"type":"branch","line":22,"loc":{"start":{"line":22,"column":76},"end":{"line":24,"column":1}},"locations":[{"start":{"line":22,"column":76},"end":{"line":24,"column":1}}]},"3":{"type":"branch","line":26,"loc":{"start":{"line":26,"column":0},"end":{"line":28,"column":1}},"locations":[{"start":{"line":26,"column":0},"end":{"line":28,"column":1}}]},"4":{"type":"branch","line":27,"loc":{"start":{"line":27,"column":23},"end":{"line":27,"column":39}},"locations":[{"start":{"line":27,"column":23},"end":{"line":27,"column":39}}]},"5":{"type":"branch","line":30,"loc":{"start":{"line":30,"column":29},"end":{"line":54,"column":1}},"locations":[{"start":{"line":30,"column":29},"end":{"line":54,"column":1}}]},"6":{"type":"branch","line":33,"loc":{"start":{"line":33,"column":31},"end":{"line":41,"column":5}},"locations":[{"start":{"line":33,"column":31},"end":{"line":41,"column":5}}]},"7":{"type":"branch","line":36,"loc":{"start":{"line":36,"column":22},"end":{"line":40,"column":5}},"locations":[{"start":{"line":36,"column":22},"end":{"line":40,"column":5}}]},"8":{"type":"branch","line":35,"loc":{"start":{"line":35,"column":14},"end":{"line":35,"column":64}},"locations":[{"start":{"line":35,"column":14},"end":{"line":35,"column":64}}]},"9":{"type":"branch","line":37,"loc":{"start":{"line":37,"column":17},"end":{"line":39,"column":9}},"locations":[{"start":{"line":37,"column":17},"end":{"line":39,"column":9}}]},"10":{"type":"branch","line":38,"loc":{"start":{"line":38,"column":18},"end":{"line":38,"column":55}},"locations":[{"start":{"line":38,"column":18},"end":{"line":38,"column":55}}]},"11":{"type":"branch","line":43,"loc":{"start":{"line":43,"column":34},"end":{"line":45,"column":5}},"locations":[{"start":{"line":43,"column":34},"end":{"line":45,"column":5}}]},"12":{"type":"branch","line":44,"loc":{"start":{"line":44,"column":14},"end":{"line":44,"column":51}},"locations":[{"start":{"line":44,"column":14},"end":{"line":44,"column":51}}]},"13":{"type":"branch","line":44,"loc":{"start":{"line":44,"column":34},"end":{"line":44,"column":50}},"locations":[{"start":{"line":44,"column":34},"end":{"line":44,"column":50}}]},"14":{"type":"branch","line":47,"loc":{"start":{"line":47,"column":31},"end":{"line":47,"column":74}},"locations":[{"start":{"line":47,"column":31},"end":{"line":47,"column":74}}]}},"b":{"0":[228],"1":[4],"2":[223],"3":[1],"4":[1],"5":[63],"6":[13],"7":[12],"8":[13],"9":[1],"10":[1],"11":[1],"12":[1],"13":[1],"14":[62]},"fnMap":{"0":{"name":"useToast","decl":{"start":{"line":20,"column":24},"end":{"line":24,"column":1}},"loc":{"start":{"line":20,"column":24},"end":{"line":24,"column":1}},"line":20},"1":{"name":"removeToastFromList","decl":{"start":{"line":26,"column":0},"end":{"line":28,"column":1}},"loc":{"start":{"line":26,"column":0},"end":{"line":28,"column":1}},"line":26},"2":{"name":"ToastProvider","decl":{"start":{"line":30,"column":29},"end":{"line":54,"column":1}},"loc":{"start":{"line":30,"column":29},"end":{"line":54,"column":1}},"line":30}},"f":{"0":228,"1":1,"2":63}}
,"C:\\Users\\rdmun\\Videos\\a-react-pwa\\incendios-valle\\frontend\\src\\util\\map\\MapboxStrategy.tsx": {"path":"C:\\Users\\rdmun\\Videos\\a-react-pwa\\incendios-valle\\frontend\\src\\util\\map\\MapboxStrategy.tsx","all":false,"statementMap":{"0":{"start":{"line":1,"column":0},"end":{"line":1,"column":41}},"1":{"start":{"line":2,"column":0},"end":{"line":2,"column":82}},"2":{"start":{"line":3,"column":0},"end":{"line":3,"column":49}},"3":{"start":{"line":4,"column":0},"end":{"line":4,"column":37}},"4":{"start":{"line":5,"column":0},"end":{"line":5,"column":74}},"5":{"start":{"line":6,"column":0},"end":{"line":6,"column":0}},"6":{"start":{"line":7,"column":0},"end":{"line":7,"column":54}},"7":{"start":{"line":8,"column":0},"end":{"line":8,"column":0}},"8":{"start":{"line":9,"column":0},"end":{"line":9,"column":39}},"9":{"start":{"line":10,"column":0},"end":{"line":10,"column":33}},"10":{"start":{"line":11,"column":0},"end":{"line":11,"column":39}},"11":{"start":{"line":12,"column":0},"end":{"line":12,"column":39}},"12":{"start":{"line":13,"column":0},"end":{"line":13,"column":39}},"13":{"start":{"line":14,"column":0},"end":{"line":14,"column":39}},"14":{"start":{"line":15,"column":0},"end":{"line":15,"column":39}},"15":{"start":{"line":16,"column":0},"end":{"line":16,"column":3}},"16":{"start":{"line":17,"column":0},"end":{"line":17,"column":1}},"17":{"start":{"line":18,"column":0},"end":{"line":18,"column":0}},"18":{"start":{"line":19,"column":0},"end":{"line":19,"column":35}},"19":{"start":{"line":20,"column":0},"end":{"line":20,"column":59}},"20":{"start":{"line":21,"column":0},"end":{"line":21,"column":0}},"21":{"start":{"line":22,"column":0},"end":{"line":22,"column":41}},"22":{"start":{"line":23,"column":0},"end":{"line":23,"column":33}},"23":{"start":{"line":24,"column":0},"end":{"line":24,"column":55}},"24":{"start":{"line":25,"column":0},"end":{"line":25,"column":59}},"25":{"start":{"line":26,"column":0},"end":{"line":26,"column":61}},"26":{"start":{"line":27,"column":0},"end":{"line":27,"column":59}},"27":{"start":{"line":28,"column":0},"end":{"line":28,"column":57}},"28":{"start":{"line":29,"column":0},"end":{"line":29,"column":3}},"29":{"start":{"line":30,"column":0},"end":{"line":30,"column":1}},"30":{"start":{"line":31,"column":0},"end":{"line":31,"column":0}},"31":{"start":{"line":32,"column":0},"end":{"line":32,"column":60}},"32":{"start":{"line":33,"column":0},"end":{"line":33,"column":0}},"33":{"start":{"line":34,"column":0},"end":{"line":34,"column":71}},"34":{"start":{"line":35,"column":0},"end":{"line":35,"column":35}},"35":{"start":{"line":36,"column":0},"end":{"line":36,"column":19}},"36":{"start":{"line":37,"column":0},"end":{"line":37,"column":24}},"37":{"start":{"line":38,"column":0},"end":{"line":38,"column":77}},"38":{"start":{"line":39,"column":0},"end":{"line":39,"column":5}},"39":{"start":{"line":40,"column":0},"end":{"line":40,"column":19}},"40":{"start":{"line":41,"column":0},"end":{"line":41,"column":13}},"41":{"start":{"line":42,"column":0},"end":{"line":42,"column":1}},"42":{"start":{"line":43,"column":0},"end":{"line":43,"column":0}},"43":{"start":{"line":44,"column":0},"end":{"line":44,"column":139}},"44":{"start":{"line":45,"column":0},"end":{"line":45,"column":35}},"45":{"start":{"line":46,"column":0},"end":{"line":46,"column":12}},"46":{"start":{"line":47,"column":0},"end":{"line":47,"column":89}},"47":{"start":{"line":48,"column":0},"end":{"line":48,"column":64}},"48":{"start":{"line":49,"column":0},"end":{"line":49,"column":88}},"49":{"start":{"line":50,"column":0},"end":{"line":50,"column":115}},"50":{"start":{"line":51,"column":0},"end":{"line":51,"column":85}},"51":{"start":{"line":52,"column":0},"end":{"line":52,"column":16}},"52":{"start":{"line":53,"column":0},"end":{"line":53,"column":14}},"53":{"start":{"line":54,"column":0},"end":{"line":54,"column":15}},"54":{"start":{"line":55,"column":0},"end":{"line":55,"column":5}},"55":{"start":{"line":56,"column":0},"end":{"line":56,"column":3}},"56":{"start":{"line":57,"column":0},"end":{"line":57,"column":38}},"57":{"start":{"line":58,"column":0},"end":{"line":58,"column":34}},"58":{"start":{"line":59,"column":0},"end":{"line":59,"column":10}},"59":{"start":{"line":60,"column":0},"end":{"line":60,"column":87}},"60":{"start":{"line":61,"column":0},"end":{"line":61,"column":19}},"61":{"start":{"line":62,"column":0},"end":{"line":62,"column":72}},"62":{"start":{"line":63,"column":0},"end":{"line":63,"column":74}},"63":{"start":{"line":64,"column":0},"end":{"line":64,"column":64}},"64":{"start":{"line":65,"column":0},"end":{"line":65,"column":120}},"65":{"start":{"line":66,"column":0},"end":{"line":66,"column":50}},"66":{"start":{"line":67,"column":0},"end":{"line":67,"column":9}},"67":{"start":{"line":68,"column":0},"end":{"line":68,"column":138}},"68":{"start":{"line":69,"column":0},"end":{"line":69,"column":177}},"69":{"start":{"line":70,"column":0},"end":{"line":70,"column":14}},"70":{"start":{"line":71,"column":0},"end":{"line":71,"column":12}},"71":{"start":{"line":72,"column":0},"end":{"line":72,"column":13}},"72":{"start":{"line":73,"column":0},"end":{"line":73,"column":3}},"73":{"start":{"line":74,"column":0},"end":{"line":74,"column":1}},"74":{"start":{"line":75,"column":0},"end":{"line":75,"column":0}},"75":{"start":{"line":76,"column":0},"end":{"line":76,"column":52}},"76":{"start":{"line":77,"column":0},"end":{"line":77,"column":15}},"77":{"start":{"line":78,"column":0},"end":{"line":78,"column":18}},"78":{"start":{"line":79,"column":0},"end":{"line":79,"column":0}},"79":{"start":{"line":80,"column":0},"end":{"line":80,"column":42}},"80":{"start":{"line":81,"column":0},"end":{"line":81,"column":28}},"81":{"start":{"line":82,"column":0},"end":{"line":82,"column":41}},"82":{"start":{"line":83,"column":0},"end":{"line":83,"column":0}},"83":{"start":{"line":84,"column":0},"end":{"line":84,"column":23}},"84":{"start":{"line":85,"column":0},"end":{"line":85,"column":29}},"85":{"start":{"line":86,"column":0},"end":{"line":86,"column":42}},"86":{"start":{"line":87,"column":0},"end":{"line":87,"column":9}},"87":{"start":{"line":88,"column":0},"end":{"line":88,"column":12}},"88":{"start":{"line":89,"column":0},"end":{"line":89,"column":0}},"89":{"start":{"line":90,"column":0},"end":{"line":90,"column":14}},"90":{"start":{"line":91,"column":0},"end":{"line":91,"column":12}},"91":{"start":{"line":92,"column":0},"end":{"line":92,"column":22}},"92":{"start":{"line":93,"column":0},"end":{"line":93,"column":42}},"93":{"start":{"line":94,"column":0},"end":{"line":94,"column":51}},"94":{"start":{"line":95,"column":0},"end":{"line":95,"column":55}},"95":{"start":{"line":96,"column":0},"end":{"line":96,"column":29}},"96":{"start":{"line":97,"column":0},"end":{"line":97,"column":76}},"97":{"start":{"line":98,"column":0},"end":{"line":98,"column":77}},"98":{"start":{"line":99,"column":0},"end":{"line":99,"column":43}},"99":{"start":{"line":100,"column":0},"end":{"line":100,"column":12}},"100":{"start":{"line":101,"column":0},"end":{"line":101,"column":50}},"101":{"start":{"line":102,"column":0},"end":{"line":102,"column":9}},"102":{"start":{"line":103,"column":0},"end":{"line":103,"column":69}},"103":{"start":{"line":104,"column":0},"end":{"line":104,"column":49}},"104":{"start":{"line":105,"column":0},"end":{"line":105,"column":38}},"105":{"start":{"line":106,"column":0},"end":{"line":106,"column":23}},"106":{"start":{"line":107,"column":0},"end":{"line":107,"column":27}},"107":{"start":{"line":108,"column":0},"end":{"line":108,"column":25}},"108":{"start":{"line":109,"column":0},"end":{"line":109,"column":55}},"109":{"start":{"line":110,"column":0},"end":{"line":110,"column":54}},"110":{"start":{"line":111,"column":0},"end":{"line":111,"column":14}},"111":{"start":{"line":112,"column":0},"end":{"line":112,"column":13}},"112":{"start":{"line":113,"column":0},"end":{"line":113,"column":34}},"113":{"start":{"line":114,"column":0},"end":{"line":114,"column":18}},"114":{"start":{"line":115,"column":0},"end":{"line":115,"column":48}},"115":{"start":{"line":116,"column":0},"end":{"line":116,"column":47}},"116":{"start":{"line":117,"column":0},"end":{"line":117,"column":29}},"117":{"start":{"line":118,"column":0},"end":{"line":118,"column":54}},"118":{"start":{"line":119,"column":0},"end":{"line":119,"column":32}},"119":{"start":{"line":120,"column":0},"end":{"line":120,"column":34}},"120":{"start":{"line":121,"column":0},"end":{"line":121,"column":30}},"121":{"start":{"line":122,"column":0},"end":{"line":122,"column":13}},"122":{"start":{"line":123,"column":0},"end":{"line":123,"column":53}},"123":{"start":{"line":124,"column":0},"end":{"line":124,"column":100}},"124":{"start":{"line":125,"column":0},"end":{"line":125,"column":52}},"125":{"start":{"line":126,"column":0},"end":{"line":126,"column":102}},"126":{"start":{"line":127,"column":0},"end":{"line":127,"column":18}},"127":{"start":{"line":128,"column":0},"end":{"line":128,"column":49}},"128":{"start":{"line":129,"column":0},"end":{"line":129,"column":148}},"129":{"start":{"line":130,"column":0},"end":{"line":130,"column":18}},"130":{"start":{"line":131,"column":0},"end":{"line":131,"column":138}},"131":{"start":{"line":132,"column":0},"end":{"line":132,"column":45}},"132":{"start":{"line":133,"column":0},"end":{"line":133,"column":23}},"133":{"start":{"line":134,"column":0},"end":{"line":134,"column":20}},"134":{"start":{"line":135,"column":0},"end":{"line":135,"column":20}},"135":{"start":{"line":136,"column":0},"end":{"line":136,"column":12}},"136":{"start":{"line":137,"column":0},"end":{"line":137,"column":14}},"137":{"start":{"line":138,"column":0},"end":{"line":138,"column":7}},"138":{"start":{"line":139,"column":0},"end":{"line":139,"column":5}},"139":{"start":{"line":140,"column":0},"end":{"line":140,"column":23}},"140":{"start":{"line":141,"column":0},"end":{"line":141,"column":3}},"141":{"start":{"line":142,"column":0},"end":{"line":142,"column":1}}},"s":{"0":1,"1":1,"2":1,"3":1,"4":1,"5":1,"6":1,"7":1,"8":1,"9":0,"10":0,"11":0,"12":0,"13":0,"14":0,"15":0,"16":0,"17":1,"18":1,"19":0,"20":1,"21":1,"22":0,"23":0,"24":0,"25":0,"26":0,"27":0,"28":0,"29":0,"30":1,"31":1,"32":1,"33":0,"34":0,"35":0,"36":0,"37":0,"38":0,"39":0,"40":0,"41":0,"42":1,"43":0,"44":0,"45":0,"46":0,"47":0,"48":0,"49":0,"50":0,"51":0,"52":0,"53":0,"54":0,"55":0,"56":0,"57":0,"58":0,"59":0,"60":0,"61":0,"62":0,"63":0,"64":0,"65":0,"66":0,"67":0,"68":0,"69":0,"70":0,"71":0,"72":0,"73":0,"74":1,"75":1,"76":1,"77":1,"78":1,"79":1,"80":0,"81":0,"82":0,"83":0,"84":0,"85":0,"86":0,"87":0,"88":0,"89":0,"90":0,"91":0,"92":0,"93":0,"94":0,"95":0,"96":0,"97":0,"98":0,"99":0,"100":0,"101":0,"102":0,"103":0,"104":0,"105":0,"106":0,"107":0,"108":0,"109":0,"110":0,"111":0,"112":0,"113":0,"114":0,"115":0,"116":0,"117":0,"118":0,"119":0,"120":0,"121":0,"122":0,"123":0,"124":0,"125":0,"126":0,"127":0,"128":0,"129":0,"130":0,"131":0,"132":0,"133":0,"134":0,"135":0,"136":0,"137":0,"138":0,"139":0,"140":0,"141":1},"branchMap":{"0":{"type":"branch","line":76,"loc":{"start":{"line":76,"column":51},"end":{"line":142,"column":1}},"locations":[{"start":{"line":76,"column":51},"end":{"line":142,"column":1}}]}},"b":{"0":[1]},"fnMap":{"0":{"name":"estadoDot","decl":{"start":{"line":9,"column":18},"end":{"line":17,"column":1}},"loc":{"start":{"line":9,"column":18},"end":{"line":17,"column":1}},"line":9},"1":{"name":"tipoLabel","decl":{"start":{"line":19,"column":18},"end":{"line":20,"column":59}},"loc":{"start":{"line":19,"column":18},"end":{"line":20,"column":59}},"line":19},"2":{"name":"estadoColor","decl":{"start":{"line":22,"column":20},"end":{"line":30,"column":1}},"loc":{"start":{"line":22,"column":20},"end":{"line":30,"column":1}},"line":22},"3":{"name":"FlyToCenter","decl":{"start":{"line":34,"column":0},"end":{"line":42,"column":1}},"loc":{"start":{"line":34,"column":0},"end":{"line":42,"column":1}},"line":34},"4":{"name":"FocoMarker","decl":{"start":{"line":44,"column":0},"end":{"line":74,"column":1}},"loc":{"start":{"line":44,"column":0},"end":{"line":74,"column":1}},"line":44},"5":{"name":"<instance_members_initializer>","decl":{"start":{"line":76,"column":51},"end":{"line":142,"column":1}},"loc":{"start":{"line":76,"column":51},"end":{"line":142,"column":1}},"line":76},"6":{"name":"renderMap","decl":{"start":{"line":80,"column":14},"end":{"line":141,"column":3}},"loc":{"start":{"line":80,"column":14},"end":{"line":141,"column":3}},"line":80}},"f":{"0":0,"1":0,"2":0,"3":0,"4":0,"5":1,"6":0}}
,"C:\\Users\\rdmun\\Videos\\a-react-pwa\\incendios-valle\\frontend\\src\\util\\map\\index.ts": {"path":"C:\\Users\\rdmun\\Videos\\a-react-pwa\\incendios-valle\\frontend\\src\\util\\map\\index.ts","all":false,"statementMap":{"0":{"start":{"line":1,"column":0},"end":{"line":1,"column":74}},"1":{"start":{"line":2,"column":0},"end":{"line":2,"column":49}}},"s":{"0":1,"1":1},"branchMap":{},"b":{},"fnMap":{},"f":{}}
}
