TN:
SF:src\App.tsx
FN:33,useAuth
FN:40,ProtectedRoute
FN:59,UnauthHandler
FN:73,getDefaultPath
FN:79,App
FN:106,login
FN:117,logout
FNF:7
FNH:6
FNDA:32,useAuth
FNDA:12,ProtectedRoute
FNDA:7,UnauthHandler
FNDA:10,getDefaultPath
FNDA:7,App
FNDA:0,login
FNDA:2,logout
DA:1,1
DA:2,1
DA:3,1
DA:4,1
DA:5,1
DA:6,1
DA:7,1
DA:8,1
DA:9,1
DA:10,1
DA:11,1
DA:12,1
DA:13,1
DA:14,1
DA:15,1
DA:16,1
DA:17,1
DA:18,1
DA:19,1
DA:20,1
DA:21,1
DA:22,1
DA:23,1
DA:24,1
DA:25,1
DA:26,1
DA:27,1
DA:28,1
DA:29,1
DA:30,1
DA:31,1
DA:32,1
DA:33,1
DA:34,32
DA:35,32
DA:36,27
DA:37,27
DA:38,1
DA:39,1
DA:40,1
DA:41,12
DA:42,12
DA:43,12
DA:44,3
DA:45,2
DA:46,2
DA:47,9
DA:48,12
DA:49,3
DA:50,3
DA:51,2
DA:52,2
DA:53,1
DA:54,1
DA:55,6
DA:56,6
DA:57,6
DA:58,1
DA:59,7
DA:60,7
DA:61,7
DA:62,7
DA:63,7
DA:64,5
DA:65,1
DA:66,1
DA:67,5
DA:68,7
DA:69,7
DA:70,7
DA:71,7
DA:72,1
DA:73,1
DA:74,10
DA:75,10
DA:76,2
DA:77,2
DA:78,1
DA:79,7
DA:80,7
DA:81,7
DA:82,5
DA:83,5
DA:84,7
DA:85,7
DA:86,5
DA:87,7
DA:88,7
DA:89,7
DA:90,7
DA:91,7
DA:92,4
DA:93,7
DA:94,3
DA:95,3
DA:96,7
DA:97,7
DA:98,7
DA:99,7
DA:100,4
DA:101,7
DA:102,3
DA:103,3
DA:104,7
DA:105,7
DA:106,7
DA:107,0
DA:108,0
DA:109,0
DA:110,0
DA:111,0
DA:112,0
DA:113,0
DA:114,0
DA:115,0
DA:116,7
DA:117,7
DA:118,2
DA:119,2
DA:120,2
DA:121,7
DA:122,7
DA:123,7
DA:124,7
DA:125,7
DA:126,7
DA:127,7
DA:128,7
DA:129,7
DA:130,7
DA:131,7
DA:132,7
DA:133,7
DA:134,7
DA:135,7
DA:136,7
DA:137,7
DA:138,7
DA:139,7
DA:140,7
DA:141,7
DA:142,7
DA:143,7
DA:144,7
DA:145,7
DA:146,7
DA:147,7
DA:148,7
DA:149,7
DA:150,7
DA:151,7
DA:152,7
DA:153,7
DA:154,7
DA:155,7
DA:156,7
DA:157,7
DA:158,7
DA:159,7
DA:160,7
DA:161,7
DA:162,7
DA:163,7
DA:164,7
DA:165,7
DA:166,7
DA:167,7
DA:168,7
DA:169,7
DA:170,7
DA:171,7
DA:172,7
DA:173,7
DA:174,7
DA:175,7
DA:176,7
DA:177,7
DA:178,7
DA:179,7
DA:180,7
DA:181,7
DA:182,1
DA:183,1
LF:183
LH:174
BRDA:33,0,0,32
BRDA:35,1,0,4
BRDA:35,2,0,27
BRDA:40,3,0,12
BRDA:43,4,0,9
BRDA:43,5,0,3
BRDA:44,6,0,1
BRDA:44,7,0,2
BRDA:46,8,0,9
BRDA:48,9,0,8
BRDA:48,10,0,3
BRDA:50,11,0,2
BRDA:52,12,0,1
BRDA:54,13,0,6
BRDA:59,14,0,7
BRDA:63,15,0,5
BRDA:64,16,0,1
BRDA:73,17,0,10
BRDA:74,18,0,4
BRDA:74,19,0,6
BRDA:75,20,0,4
BRDA:75,21,0,2
BRDA:79,22,0,7
BRDA:136,23,0,4
BRDA:136,24,0,3
BRDA:136,25,0,1
BRDA:136,26,0,3
BRDA:81,27,0,5
BRDA:83,28,0,4
BRDA:83,29,0,1
BRDA:85,30,0,5
BRDA:90,31,0,7
BRDA:91,32,0,4
BRDA:93,33,0,3
BRDA:98,34,0,7
BRDA:99,35,0,4
BRDA:101,36,0,3
BRDA:117,37,0,2
BRDA:122,38,0,7
BRF:39
BRH:39
end_of_record
TN:
SF:src\api.ts
FN:5,setOnUnauthorized
FN:9,handleAuth
FN:17,safeJson
FN:31,login
FN:44,register
FN:57,uploadImage
FN:72,createReport
FN:88,getFocosActivos
FN:97,getReports
FN:111,createReportAnonimo
FNF:10
FNH:10
FNDA:7,setOnUnauthorized
FNDA:8,handleAuth
FNDA:7,safeJson
FNDA:4,login
FNDA:2,register
FNDA:2,uploadImage
FNDA:4,createReport
FNDA:1,getFocosActivos
FNDA:4,getReports
FNDA:2,createReportAnonimo
DA:1,1
DA:2,1
DA:3,1
DA:4,1
DA:5,1
DA:6,7
DA:7,7
DA:8,1
DA:9,1
DA:10,8
DA:11,2
DA:12,2
DA:13,8
DA:14,8
DA:15,1
DA:16,1
DA:17,1
DA:18,7
DA:19,7
DA:20,5
DA:21,5
DA:22,2
DA:23,2
DA:24,2
DA:25,2
DA:26,2
DA:27,2
DA:28,7
DA:29,1
DA:30,1
DA:31,1
DA:32,4
DA:33,4
DA:34,4
DA:35,4
DA:36,4
DA:37,4
DA:38,2
DA:39,2
DA:40,2
DA:41,1
DA:42,4
DA:43,1
DA:44,1
DA:45,2
DA:46,2
DA:47,2
DA:48,2
DA:49,2
DA:50,2
DA:51,1
DA:52,1
DA:53,1
DA:54,1
DA:55,2
DA:56,1
DA:57,1
DA:58,2
DA:59,2
DA:60,2
DA:61,2
DA:62,2
DA:63,2
DA:64,2
DA:65,1
DA:66,1
DA:67,1
DA:68,1
DA:69,1
DA:70,2
DA:71,1
DA:72,1
DA:73,4
DA:74,4
DA:75,4
DA:76,4
DA:77,4
DA:78,4
DA:79,4
DA:80,4
DA:81,4
DA:82,2
DA:83,2
DA:84,2
DA:85,2
DA:86,4
DA:87,1
DA:88,1
DA:89,1
DA:90,1
DA:91,0
DA:92,0
DA:93,0
DA:94,1
DA:95,1
DA:96,1
DA:97,1
DA:98,4
DA:99,4
DA:100,0
DA:101,4
DA:102,4
DA:103,4
DA:104,2
DA:105,1
DA:106,1
DA:107,1
DA:108,1
DA:109,4
DA:110,1
DA:111,1
DA:112,2
DA:113,2
DA:114,2
DA:115,2
DA:116,2
DA:117,2
DA:118,0
DA:119,0
DA:120,0
DA:121,2
DA:122,2
DA:123,1
LF:123
LH:116
BRDA:5,0,0,7
BRDA:9,1,0,8
BRDA:10,2,0,2
BRDA:10,3,0,2
BRDA:17,4,0,7
BRDA:18,5,0,0
BRDA:19,6,0,5
BRDA:21,7,0,2
BRDA:26,8,0,1
BRDA:31,9,0,4
BRDA:36,10,0,3
BRDA:37,11,0,2
BRDA:39,12,0,1
BRDA:39,13,0,0
BRDA:40,14,0,1
BRDA:44,15,0,2
BRDA:50,16,0,1
BRDA:52,17,0,0
BRDA:57,18,0,2
BRDA:64,19,0,1
BRDA:66,20,0,0
BRDA:66,21,0,0
BRDA:72,22,0,4
BRDA:81,23,0,2
BRDA:83,24,0,0
BRDA:88,25,0,1
BRDA:90,26,0,0
BRDA:97,27,0,4
BRDA:99,28,0,0
BRDA:103,29,0,2
BRDA:104,30,0,1
BRDA:106,31,0,0
BRDA:106,32,0,0
BRDA:107,33,0,1
BRDA:111,34,0,2
BRDA:117,35,0,0
BRF:36
BRH:25
end_of_record
TN:
SF:src\main.tsx
FN:1,(empty-report)
FNF:1
FNH:0
FNDA:0,(empty-report)
DA:1,0
DA:2,0
DA:3,0
DA:4,0
DA:5,0
DA:6,0
DA:7,0
DA:8,0
DA:9,0
DA:10,0
DA:11,0
LF:11
LH:0
BRDA:1,0,0,0
BRF:1
BRH:0
end_of_record
TN:
SF:src\components\AlertBanner.tsx
FN:33,getApiBase
FN:48,AlertBanner
FN:53,fetchAlerts
FN:69,dismiss
FN:94,onClick
FNF:5
FNH:5
FNDA:2,getApiBase
FNDA:19,AlertBanner
FNDA:11,fetchAlerts
FNDA:1,dismiss
FNDA:1,onClick
DA:1,1
DA:2,1
DA:3,1
DA:4,1
DA:5,1
DA:6,1
DA:7,1
DA:8,1
DA:9,1
DA:10,1
DA:11,1
DA:12,1
DA:13,1
DA:14,1
DA:15,1
DA:16,1
DA:17,1
DA:18,1
DA:19,1
DA:20,1
DA:21,1
DA:22,1
DA:23,1
DA:24,1
DA:25,1
DA:26,1
DA:27,1
DA:28,1
DA:29,1
DA:30,1
DA:31,1
DA:32,1
DA:33,2
DA:34,2
DA:35,2
DA:36,2
DA:37,2
DA:38,0
DA:39,0
DA:40,2
DA:41,2
DA:42,0
DA:43,0
DA:44,2
DA:45,1
DA:46,1
DA:47,1
DA:48,19
DA:49,19
DA:50,19
DA:51,19
DA:52,19
DA:53,11
DA:54,11
DA:55,11
DA:56,10
DA:57,6
DA:58,6
DA:59,6
DA:60,11
DA:61,1
DA:62,1
DA:63,11
DA:64,11
DA:65,11
DA:66,11
DA:67,19
DA:68,19
DA:69,19
DA:70,1
DA:71,1
DA:72,1
DA:73,1
DA:74,1
DA:75,1
DA:76,19
DA:77,19
DA:78,19
DA:79,19
DA:80,5
DA:81,5
DA:82,5
DA:83,5
DA:84,9
DA:85,9
DA:86,9
DA:87,9
DA:88,9
DA:89,9
DA:90,9
DA:91,9
DA:92,9
DA:93,9
DA:94,9
DA:95,9
DA:96,9
DA:97,9
DA:98,5
DA:99,5
DA:100,5
DA:101,5
LF:101
LH:97
BRDA:33,0,0,2
BRDA:37,1,0,0
BRDA:40,2,0,0
BRDA:41,3,0,0
BRDA:37,4,0,2
BRDA:37,5,0,0
BRDA:48,6,0,19
BRDA:79,7,0,14
BRDA:79,8,0,5
BRDA:52,9,0,11
BRDA:53,10,0,11
BRDA:55,11,0,10
BRDA:55,12,0,7
BRDA:56,13,0,6
BRDA:60,14,0,1
BRDA:66,15,0,11
BRDA:69,16,0,1
BRDA:72,17,0,0
BRDA:70,18,0,1
BRDA:77,19,0,10
BRDA:83,20,0,9
BRDA:86,21,0,0
BRDA:89,22,0,0
BRDA:94,23,0,1
BRF:24
BRH:17
end_of_record
TN:
SF:src\components\AvisoNavegadorEmbebido.tsx
FN:4,AvisoNavegadorEmbebido
FN:29,onClick
FNF:2
FNH:2
FNDA:14,AvisoNavegadorEmbebido
FNDA:1,onClick
DA:1,1
DA:2,1
DA:3,1
DA:4,14
DA:5,14
DA:6,14
DA:7,14
DA:8,14
DA:9,9
DA:10,9
DA:11,9
DA:12,2
DA:13,2
DA:14,2
DA:15,14
DA:16,14
DA:17,14
DA:18,2
DA:19,2
DA:20,2
DA:21,2
DA:22,2
DA:23,2
DA:24,2
DA:25,2
DA:26,2
DA:27,2
DA:28,2
DA:29,2
DA:30,2
DA:31,2
DA:32,2
DA:33,2
DA:34,2
DA:35,2
DA:36,2
DA:37,2
DA:38,2
LF:38
LH:38
BRDA:4,0,0,14
BRDA:17,1,0,12
BRDA:17,2,0,2
BRDA:8,3,0,9
BRDA:11,4,0,3
BRDA:11,5,0,2
BRDA:29,6,0,1
BRF:7
BRH:7
end_of_record
TN:
SF:src\components\ErrorBoundary.tsx
FN:14,ErrorBoundary
FN:19,getDerivedStateFromError
FN:23,render
FN:36,onClick
FNF:4
FNH:4
FNDA:11,ErrorBoundary
FNDA:6,getDerivedStateFromError
FNDA:20,render
FNDA:1,onClick
DA:1,1
DA:2,1
DA:3,1
DA:4,1
DA:5,1
DA:6,1
DA:7,1
DA:8,1
DA:9,1
DA:10,1
DA:11,1
DA:12,1
DA:13,1
DA:14,1
DA:15,11
DA:16,11
DA:17,11
DA:18,1
DA:19,1
DA:20,6
DA:21,6
DA:22,1
DA:23,1
DA:24,20
DA:25,6
DA:26,6
DA:27,6
DA:28,6
DA:29,6
DA:30,6
DA:31,6
DA:32,6
DA:33,6
DA:34,6
DA:35,6
DA:36,6
DA:37,1
DA:38,1
DA:39,1
DA:40,6
DA:41,6
DA:42,6
DA:43,6
DA:44,6
DA:45,6
DA:46,6
DA:47,14
DA:48,20
DA:49,1
LF:49
LH:49
BRDA:14,0,0,11
BRDA:19,1,0,6
BRDA:23,2,0,20
BRDA:24,3,0,6
BRDA:46,4,0,14
BRDA:36,5,0,1
BRF:6
BRH:6
end_of_record
TN:
SF:src\components\OfflineBanner.tsx
FN:3,OfflineBanner
FN:7,on
FN:8,off
FNF:3
FNH:3
FNDA:14,OfflineBanner
FNDA:1,on
FNDA:1,off
DA:1,1
DA:2,1
DA:3,14
DA:4,14
DA:5,14
DA:6,14
DA:7,10
DA:8,10
DA:9,10
DA:10,10
DA:11,10
DA:12,10
DA:13,10
DA:14,10
DA:15,14
DA:16,14
DA:17,14
DA:18,3
DA:19,3
DA:20,3
DA:21,3
DA:22,3
DA:23,3
DA:24,3
LF:24
LH:24
BRDA:3,0,0,14
BRDA:17,1,0,11
BRDA:17,2,0,3
BRDA:6,3,0,10
BRDA:7,4,0,1
BRDA:8,5,0,1
BRDA:11,6,0,10
BRF:7
BRH:7
end_of_record
TN:
SF:src\components\Toast.tsx
FN:17,ToastContainer
FN:33,onClick
FNF:2
FNH:2
FNDA:26,ToastContainer
FNDA:1,onClick
DA:1,1
DA:2,1
DA:3,1
DA:4,1
DA:5,1
DA:6,1
DA:7,1
DA:8,1
DA:9,1
DA:10,1
DA:11,1
DA:12,1
DA:13,1
DA:14,1
DA:15,1
DA:16,1
DA:17,26
DA:18,26
DA:19,26
DA:20,26
DA:21,10
DA:22,10
DA:23,10
DA:24,10
DA:25,12
DA:26,12
DA:27,12
DA:28,12
DA:29,12
DA:30,12
DA:31,12
DA:32,12
DA:33,12
DA:34,12
DA:35,12
DA:36,12
DA:37,12
DA:38,12
DA:39,12
DA:40,10
DA:41,10
DA:42,10
DA:43,10
LF:43
LH:43
BRDA:17,0,0,26
BRDA:20,1,0,16
BRDA:20,2,0,10
BRDA:24,3,0,12
BRDA:33,4,0,1
BRF:5
BRH:5
end_of_record
TN:
SF:src\components\ui\Button.tsx
FN:27,Button
FNF:1
FNH:1
FNDA:565,Button
DA:1,1
DA:2,1
DA:3,1
DA:4,1
DA:5,1
DA:6,1
DA:7,1
DA:8,1
DA:9,1
DA:10,1
DA:11,1
DA:12,1
DA:13,1
DA:14,1
DA:15,1
DA:16,1
DA:17,1
DA:18,1
DA:19,1
DA:20,1
DA:21,1
DA:22,1
DA:23,1
DA:24,1
DA:25,1
DA:26,1
DA:27,1
DA:28,565
DA:29,565
DA:30,565
DA:31,565
DA:32,565
DA:33,565
DA:34,565
DA:35,9
DA:36,556
DA:37,565
DA:38,565
DA:39,565
DA:40,565
LF:40
LH:40
BRDA:27,0,0,565
BRDA:31,1,0,564
BRDA:34,2,0,9
BRDA:35,3,0,556
BRF:4
BRH:4
end_of_record
TN:
SF:src\components\ui\Card.tsx
FN:17,Card
FN:27,CardHeader
FN:31,CardBody
FN:35,CardTitle
FNF:4
FNH:4
FNDA:240,Card
FNDA:1,CardHeader
FNDA:1,CardBody
FNDA:16,CardTitle
DA:1,1
DA:2,1
DA:3,1
DA:4,1
DA:5,1
DA:6,1
DA:7,1
DA:8,1
DA:9,1
DA:10,1
DA:11,1
DA:12,1
DA:13,1
DA:14,1
DA:15,1
DA:16,1
DA:17,1
DA:18,240
DA:19,240
DA:20,240
DA:21,240
DA:22,240
DA:23,240
DA:24,240
DA:25,240
DA:26,1
DA:27,1
DA:28,1
DA:29,1
DA:30,1
DA:31,1
DA:32,1
DA:33,1
DA:34,1
DA:35,1
DA:36,16
DA:37,16
LF:37
LH:37
BRDA:17,0,0,240
BRDA:20,1,0,239
BRDA:20,2,0,1
BRDA:27,3,0,1
BRDA:31,4,0,1
BRDA:35,5,0,16
BRF:6
BRH:6
end_of_record
TN:
SF:src\components\ui\Input.tsx
FNF:0
FNH:0
DA:1,1
DA:2,1
DA:3,1
DA:4,1
DA:5,1
DA:6,1
DA:7,1
DA:8,1
DA:9,1
DA:10,577
DA:11,577
DA:12,577
DA:13,571
DA:14,571
DA:15,571
DA:16,577
DA:17,577
DA:18,577
DA:19,577
DA:20,577
DA:21,577
DA:22,577
DA:23,2
DA:24,577
DA:25,577
DA:26,577
DA:27,577
DA:28,1
DA:29,1
DA:30,1
LF:30
LH:30
BRDA:9,0,0,577
BRDA:12,1,0,571
BRDA:19,2,0,2
BRDA:19,3,0,575
BRDA:22,4,0,2
BRF:5
BRH:5
end_of_record
TN:
SF:src\components\ui\index.ts
FN:1,(empty-report)
FNF:1
FNH:0
FNDA:0,(empty-report)
DA:1,0
DA:2,0
DA:3,0
LF:3
LH:0
BRDA:1,0,0,0
BRF:1
BRH:0
end_of_record
TN:
SF:src\pages\AfichePreview.tsx
FN:3,AfichePreview
FNF:1
FNH:1
FNDA:1,AfichePreview
DA:1,1
DA:2,1
DA:3,1
DA:4,1
DA:5,1
DA:6,1
DA:7,1
DA:8,1
DA:9,1
DA:10,1
DA:11,1
DA:12,1
DA:13,1
DA:14,1
DA:15,1
DA:16,1
DA:17,1
DA:18,1
DA:19,1
DA:20,1
DA:21,1
DA:22,1
DA:23,1
DA:24,1
DA:25,1
DA:26,1
DA:27,1
DA:28,1
DA:29,1
DA:30,1
DA:31,1
DA:32,1
DA:33,1
DA:34,1
DA:35,1
DA:36,1
DA:37,1
DA:38,1
DA:39,1
DA:40,1
DA:41,1
DA:42,1
DA:43,1
DA:44,1
DA:45,1
DA:46,1
DA:47,1
DA:48,1
DA:49,1
DA:50,1
DA:51,1
DA:52,1
DA:53,1
DA:54,1
DA:55,1
DA:56,1
DA:57,1
DA:58,1
DA:59,1
DA:60,1
DA:61,1
DA:62,1
DA:63,1
DA:64,1
LF:64
LH:64
BRDA:3,0,0,1
BRF:1
BRH:1
end_of_record
TN:
SF:src\pages\Confirmacion.tsx
FN:9,createUserMarkerIcon
FN:18,MapPreview
FN:27,Confirmacion
FN:87,onError
FN:110,onClick
FN:118,onClick
FNF:6
FNH:5
FNDA:5,createUserMarkerIcon
FNDA:5,MapPreview
FNDA:5,Confirmacion
FNDA:0,onError
FNDA:1,onClick
FNDA:1,onClick
DA:1,1
DA:2,1
DA:3,1
DA:4,1
DA:5,1
DA:6,1
DA:7,1
DA:8,1
DA:9,5
DA:10,5
DA:11,5
DA:12,5
DA:13,5
DA:14,5
DA:15,5
DA:16,5
DA:17,1
DA:18,5
DA:19,5
DA:20,5
DA:21,5
DA:22,5
DA:23,5
DA:24,5
DA:25,5
DA:26,1
DA:27,5
DA:28,5
DA:29,5
DA:30,5
DA:31,5
DA:32,5
DA:33,5
DA:34,5
DA:35,5
DA:36,5
DA:37,5
DA:38,5
DA:39,5
DA:40,5
DA:41,5
DA:42,5
DA:43,5
DA:44,5
DA:45,5
DA:46,5
DA:47,5
DA:48,5
DA:49,5
DA:50,5
DA:51,5
DA:52,5
DA:53,5
DA:54,5
DA:55,5
DA:56,5
DA:57,5
DA:58,5
DA:59,5
DA:60,5
DA:61,5
DA:62,5
DA:63,5
DA:64,5
DA:65,5
DA:66,5
DA:67,5
DA:68,5
DA:69,5
DA:70,5
DA:71,5
DA:72,5
DA:73,5
DA:74,5
DA:75,5
DA:76,5
DA:77,5
DA:78,5
DA:79,5
DA:80,5
DA:81,5
DA:82,1
DA:83,1
DA:84,1
DA:85,1
DA:86,1
DA:87,1
DA:88,1
DA:89,1
DA:90,5
DA:91,5
DA:92,5
DA:93,5
DA:94,5
DA:95,5
DA:96,5
DA:97,5
DA:98,5
DA:99,5
DA:100,5
DA:101,5
DA:102,5
DA:103,5
DA:104,5
DA:105,5
DA:106,5
DA:107,5
DA:108,5
DA:109,5
DA:110,5
DA:111,5
DA:112,5
DA:113,5
DA:114,5
DA:115,5
DA:116,5
DA:117,5
DA:118,5
DA:119,1
DA:120,1
DA:121,5
DA:122,5
DA:123,5
DA:124,5
DA:125,5
DA:126,5
DA:127,5
DA:128,5
DA:129,5
LF:129
LH:129
BRDA:9,0,0,5
BRDA:18,1,0,5
BRDA:20,2,0,5
BRDA:22,3,0,1
BRDA:27,4,0,5
BRDA:38,5,0,4
BRDA:38,6,0,1
BRDA:39,7,0,4
BRDA:39,8,0,1
BRDA:40,9,0,4
BRDA:40,10,0,1
BRDA:41,11,0,4
BRDA:41,12,0,1
BRDA:42,13,0,4
BRDA:42,14,0,1
BRDA:43,15,0,4
BRDA:43,16,0,4
BRDA:81,17,0,1
BRDA:98,18,0,4
BRDA:98,19,0,1
BRDA:99,20,0,4
BRDA:99,21,0,1
BRDA:100,22,0,1
BRDA:110,23,0,1
BRDA:118,24,0,1
BRF:25
BRH:25
end_of_record
TN:
SF:src\pages\Historial.tsx
FN:18,BottomNav
FN:37,onClick
FN:49,getEstadoColor
FN:59,formatDate
FN:67,renderReportList
FN:80,onClick
FN:117,onClick
FN:125,Historial
FN:146,onClick
FNF:9
FNH:7
FNDA:18,BottomNav
FNDA:0,onClick
FNDA:10,getEstadoColor
FNDA:10,formatDate
FNDA:18,renderReportList
FNDA:0,onClick
FNDA:1,onClick
FNDA:18,Historial
FNDA:2,onClick
DA:1,1
DA:2,1
DA:3,1
DA:4,1
DA:5,1
DA:6,1
DA:7,1
DA:8,1
DA:9,1
DA:10,1
DA:11,1
DA:12,1
DA:13,1
DA:14,1
DA:15,1
DA:16,1
DA:17,1
DA:18,18
DA:19,18
DA:20,18
DA:21,18
DA:22,18
DA:23,18
DA:24,18
DA:25,18
DA:26,18
DA:27,18
DA:28,18
DA:29,18
DA:30,18
DA:31,18
DA:32,18
DA:33,54
DA:34,54
DA:35,54
DA:36,54
DA:37,54
DA:38,54
DA:39,54
DA:40,54
DA:41,54
DA:42,54
DA:43,18
DA:44,18
DA:45,18
DA:46,18
DA:47,18
DA:48,1
DA:49,10
DA:50,10
DA:51,10
DA:52,10
DA:53,10
DA:54,10
DA:55,10
DA:56,10
DA:57,10
DA:58,1
DA:59,10
DA:60,10
DA:61,10
DA:62,10
DA:63,0
DA:64,0
DA:65,10
DA:66,1
DA:67,18
DA:68,18
DA:69,12
DA:70,12
DA:71,12
DA:72,12
DA:73,12
DA:74,12
DA:75,15
DA:76,1
DA:77,1
DA:78,1
DA:79,1
DA:80,1
DA:81,1
DA:82,1
DA:83,1
DA:84,1
DA:85,1
DA:86,5
DA:87,10
DA:88,10
DA:89,10
DA:90,10
DA:91,10
DA:92,10
DA:93,10
DA:94,10
DA:95,10
DA:96,10
DA:97,10
DA:98,10
DA:99,10
DA:100,10
DA:101,10
DA:102,10
DA:103,10
DA:104,10
DA:105,10
DA:106,10
DA:107,10
DA:108,10
DA:109,10
DA:110,10
DA:111,5
DA:112,10
DA:113,10
DA:114,10
DA:115,10
DA:116,10
DA:117,10
DA:118,10
DA:119,10
DA:120,10
DA:121,10
DA:122,5
DA:123,5
DA:124,1
DA:125,18
DA:126,18
DA:127,18
DA:128,18
DA:129,18
DA:130,18
DA:131,18
DA:132,10
DA:133,10
DA:134,10
DA:135,10
DA:136,10
DA:137,10
DA:138,18
DA:139,18
DA:140,18
DA:141,18
DA:142,18
DA:143,18
DA:144,18
DA:145,18
DA:146,18
DA:147,18
DA:148,18
DA:149,18
DA:150,18
DA:151,18
DA:152,18
DA:153,18
DA:154,18
DA:155,18
DA:156,18
DA:157,18
DA:158,18
DA:159,18
LF:159
LH:157
BRDA:18,0,0,18
BRDA:32,1,0,54
BRDA:38,2,0,15
BRDA:38,3,0,39
BRDA:49,4,0,10
BRDA:51,5,0,5
BRDA:52,6,0,0
BRDA:53,7,0,5
BRDA:54,8,0,0
BRDA:55,9,0,0
BRDA:59,10,0,10
BRDA:62,11,0,0
BRDA:67,12,0,18
BRDA:68,13,0,12
BRDA:74,14,0,15
BRDA:74,15,0,6
BRDA:75,16,0,1
BRDA:85,17,0,5
BRDA:86,18,0,10
BRDA:100,19,0,5
BRDA:100,20,0,5
BRDA:110,21,0,5
BRDA:117,22,0,1
BRDA:125,23,0,18
BRDA:145,24,0,0
BRDA:131,25,0,10
BRDA:134,26,0,6
BRDA:135,27,0,1
BRDA:136,28,0,7
BRDA:146,29,0,2
BRF:30
BRH:25
end_of_record
TN:
SF:src\pages\Login.tsx
FN:10,Login
FN:20,handleSubmit
FN:65,onClick
FN:88,onChange
FN:103,onChange
FN:110,onClick
FNF:6
FNH:4
FNDA:38,Login
FNDA:1,handleSubmit
FNDA:0,onClick
FNDA:16,onChange
FNDA:11,onChange
FNDA:0,onClick
DA:1,1
DA:2,1
DA:3,1
DA:4,1
DA:5,1
DA:6,1
DA:7,1
DA:8,1
DA:9,1
DA:10,38
DA:11,38
DA:12,38
DA:13,38
DA:14,38
DA:15,38
DA:16,38
DA:17,38
DA:18,38
DA:19,38
DA:20,38
DA:21,1
DA:22,1
DA:23,1
DA:24,1
DA:25,0
DA:26,0
DA:27,0
DA:28,1
DA:29,0
DA:30,0
DA:31,0
DA:32,1
DA:33,1
DA:34,1
DA:35,1
DA:36,1
DA:37,1
DA:38,0
DA:39,0
DA:40,0
DA:41,1
DA:42,1
DA:43,1
DA:44,1
DA:45,38
DA:46,38
DA:47,38
DA:48,38
DA:49,38
DA:50,38
DA:51,38
DA:52,38
DA:53,38
DA:54,38
DA:55,38
DA:56,38
DA:57,38
DA:58,38
DA:59,38
DA:60,38
DA:61,38
DA:62,38
DA:63,38
DA:64,38
DA:65,38
DA:66,38
DA:67,38
DA:68,38
DA:69,38
DA:70,38
DA:71,38
DA:72,38
DA:73,38
DA:74,38
DA:75,38
DA:76,38
DA:77,38
DA:78,38
DA:79,38
DA:80,38
DA:81,38
DA:82,38
DA:83,38
DA:84,38
DA:85,38
DA:86,38
DA:87,38
DA:88,38
DA:89,38
DA:90,38
DA:91,38
DA:92,38
DA:93,38
DA:94,38
DA:95,38
DA:96,38
DA:97,38
DA:98,38
DA:99,38
DA:100,38
DA:101,38
DA:102,38
DA:103,38
DA:104,38
DA:105,38
DA:106,38
DA:107,38
DA:108,38
DA:109,38
DA:110,38
DA:111,38
DA:112,38
DA:113,38
DA:114,0
DA:115,0
DA:116,0
DA:117,38
DA:118,38
DA:119,38
DA:120,38
DA:121,38
DA:122,38
DA:123,38
DA:124,38
DA:125,38
DA:126,38
DA:127,38
DA:128,0
DA:129,38
DA:130,38
DA:131,38
DA:132,38
DA:133,38
DA:134,38
DA:135,38
DA:136,38
DA:137,38
DA:138,38
DA:139,38
DA:140,38
DA:141,38
DA:142,38
DA:143,38
DA:144,38
DA:145,38
DA:146,38
DA:147,38
DA:148,38
DA:149,38
DA:150,38
DA:151,38
DA:152,38
LF:152
LH:139
BRDA:10,0,0,38
BRDA:91,1,0,0
BRDA:91,2,0,0
BRDA:101,3,0,0
BRDA:104,4,0,0
BRDA:104,5,0,0
BRDA:113,6,0,0
BRDA:127,7,0,0
BRDA:137,8,0,1
BRDA:137,9,0,37
BRDA:20,10,0,1
BRDA:24,11,0,0
BRDA:28,12,0,0
BRDA:37,13,0,0
BRDA:88,14,0,16
BRDA:103,15,0,11
BRF:16
BRH:6
end_of_record
TN:
SF:src\pages\MapaFocos.tsx
FN:12,haversineKm
FN:22,splitFocosByGroup
FN:44,estadoDot
FN:54,estadoColor
FN:64,tipoLabel
FN:69,MapaFocos
FN:156,toggleStrategy
FN:237,onClick
FN:247,onError
FNF:9
FNH:7
FNDA:13,haversineKm
FNDA:23,splitFocosByGroup
FNDA:206,estadoDot
FNDA:26,estadoColor
FNDA:26,tipoLabel
FNDA:46,MapaFocos
FNDA:0,toggleStrategy
FNDA:1,onClick
FNDA:0,onError
DA:1,1
DA:2,1
DA:3,1
DA:4,1
DA:5,1
DA:6,1
DA:7,1
DA:8,1
DA:9,1
DA:10,1
DA:11,1
DA:12,13
DA:13,13
DA:14,13
DA:15,13
DA:16,13
DA:17,13
DA:18,13
DA:19,13
DA:20,13
DA:21,1
DA:22,23
DA:23,23
DA:24,23
DA:25,23
DA:26,23
DA:27,23
DA:28,23
DA:29,23
DA:30,23
DA:31,10
DA:32,1
DA:33,1
DA:34,1
DA:35,9
DA:36,9
DA:37,8
DA:38,10
DA:39,8
DA:40,8
DA:41,23
DA:42,23
DA:43,1
DA:44,1
DA:45,206
DA:46,206
DA:47,206
DA:48,206
DA:49,206
DA:50,206
DA:51,206
DA:52,206
DA:53,1
DA:54,1
DA:55,26
DA:56,26
DA:57,26
DA:58,26
DA:59,26
DA:60,26
DA:61,26
DA:62,26
DA:63,1
DA:64,1
DA:65,26
DA:66,1
DA:67,1
DA:68,1
DA:69,46
DA:70,46
DA:71,46
DA:72,46
DA:73,46
DA:74,46
DA:75,46
DA:76,46
DA:77,46
DA:78,46
DA:79,46
DA:80,46
DA:81,46
DA:82,46
DA:83,46
DA:84,13
DA:85,13
DA:86,13
DA:87,13
DA:88,46
DA:89,46
DA:90,46
DA:91,46
DA:92,46
DA:93,13
DA:94,13
DA:95,13
DA:96,13
DA:97,13
DA:98,10
DA:99,13
DA:100,13
DA:101,2
DA:102,13
DA:103,13
DA:104,12
DA:105,13
DA:106,13
DA:107,46
DA:108,46
DA:109,46
DA:110,1
DA:111,1
DA:112,1
DA:113,1
DA:114,1
DA:115,1
DA:116,46
DA:117,46
DA:118,46
DA:119,1
DA:120,1
DA:121,1
DA:122,46
DA:123,46
DA:124,46
DA:125,4
DA:126,46
DA:127,46
DA:128,46
DA:129,23
DA:130,23
DA:131,23
DA:132,23
DA:133,2
DA:134,2
DA:135,2
DA:136,23
DA:137,23
DA:138,23
DA:139,23
DA:140,23
DA:141,23
DA:142,1
DA:143,1
DA:144,1
DA:145,1
DA:146,1
DA:147,23
DA:148,23
DA:149,1
DA:150,1
DA:151,1
DA:152,23
DA:153,23
DA:154,46
DA:155,46
DA:156,46
DA:157,0
DA:158,0
DA:159,46
DA:160,46
DA:161,46
DA:162,46
DA:163,46
DA:164,46
DA:165,46
DA:166,46
DA:167,46
DA:168,46
DA:169,0
DA:170,0
DA:171,0
DA:172,0
DA:173,0
DA:174,0
DA:175,46
DA:176,46
DA:177,46
DA:178,46
DA:179,46
DA:180,46
DA:181,46
DA:182,46
DA:183,46
DA:184,2
DA:185,2
DA:186,2
DA:187,2
DA:188,2
DA:189,2
DA:190,2
DA:191,2
DA:192,2
DA:193,2
DA:194,46
DA:195,46
DA:196,46
DA:197,24
DA:198,24
DA:199,24
DA:200,24
DA:201,24
DA:202,24
DA:203,46
DA:204,46
DA:205,46
DA:206,46
DA:207,46
DA:208,46
DA:209,46
DA:210,46
DA:211,46
DA:212,46
DA:213,46
DA:214,46
DA:215,46
DA:216,46
DA:217,46
DA:218,46
DA:219,180
DA:220,180
DA:221,180
DA:222,180
DA:223,46
DA:224,46
DA:225,46
DA:226,46
DA:227,46
DA:228,46
DA:229,46
DA:230,8
DA:231,37
DA:232,37
DA:233,37
DA:234,26
DA:235,26
DA:236,26
DA:237,26
DA:238,26
DA:239,26
DA:240,26
DA:241,26
DA:242,26
DA:243,0
DA:244,0
DA:245,0
DA:246,0
DA:247,0
DA:248,0
DA:249,26
DA:250,26
DA:251,26
DA:252,26
DA:253,26
DA:254,26
DA:255,26
DA:256,26
DA:257,26
DA:258,26
DA:259,26
DA:260,26
DA:261,26
DA:262,26
DA:263,26
DA:264,26
DA:265,26
DA:266,26
DA:267,26
DA:268,37
DA:269,37
DA:270,46
DA:271,46
DA:272,46
DA:273,46
DA:274,46
LF:274
LH:260
BRDA:12,0,0,13
BRDA:22,1,0,23
BRDA:30,2,0,10
BRDA:31,3,0,1
BRDA:34,4,0,9
BRDA:35,5,0,0
BRDA:35,6,0,9
BRDA:36,7,0,1
BRDA:36,8,0,8
BRDA:38,9,0,0
BRDA:38,10,0,8
BRDA:44,11,0,206
BRDA:46,12,0,68
BRDA:47,13,0,45
BRDA:48,14,0,48
BRDA:49,15,0,45
BRDA:50,16,0,0
BRDA:54,17,0,26
BRDA:56,18,0,23
BRDA:57,19,0,0
BRDA:58,20,0,3
BRDA:59,21,0,0
BRDA:60,22,0,0
BRDA:64,23,0,26
BRDA:65,24,0,0
BRDA:69,25,0,46
BRDA:76,26,0,12
BRDA:76,27,0,37
BRDA:77,28,0,12
BRDA:77,29,0,41
BRDA:165,30,0,24
BRDA:165,31,0,21
BRDA:168,32,0,0
BRDA:183,33,0,2
BRDA:196,34,0,24
BRDA:196,35,0,24
BRDA:229,36,0,25
BRDA:229,37,0,8
BRDA:230,38,0,37
BRDA:83,39,0,13
BRDA:86,40,0,2
BRDA:86,41,0,11
BRDA:87,42,0,0
BRDA:90,43,0,13
BRDA:92,44,0,13
BRDA:97,45,0,10
BRDA:100,46,0,2
BRDA:101,47,0,0
BRDA:103,48,0,12
BRDA:106,49,0,13
BRDA:109,50,0,1
BRDA:113,51,0,1
BRDA:115,52,0,1
BRDA:118,53,0,1
BRDA:124,54,0,4
BRDA:128,55,0,23
BRDA:141,56,0,1
BRDA:148,57,0,2
BRDA:148,58,0,1
BRDA:150,59,0,0
BRDA:132,60,0,2
BRDA:139,61,0,8
BRDA:218,62,0,180
BRDA:233,63,0,26
BRDA:239,64,0,3
BRDA:239,65,0,23
BRDA:242,66,0,0
BRDA:261,67,0,0
BRDA:237,68,0,1
BRF:69
BRH:56
end_of_record
TN:
SF:src\pages\RedireccionQr.tsx
FN:7,esAndroid
FN:11,RedireccionQr
FN:45,onClick
FNF:3
FNH:3
FNDA:3,esAndroid
FNDA:5,RedireccionQr
FNDA:1,onClick
DA:1,1
DA:2,1
DA:3,1
DA:4,1
DA:5,1
DA:6,1
DA:7,3
DA:8,3
DA:9,3
DA:10,1
DA:11,5
DA:12,5
DA:13,5
DA:14,5
DA:15,5
DA:16,3
DA:17,2
DA:18,2
DA:19,2
DA:20,0
DA:21,2
DA:22,2
DA:23,2
DA:24,1
DA:25,1
DA:26,1
DA:27,5
DA:28,5
DA:29,5
DA:30,5
DA:31,5
DA:32,5
DA:33,5
DA:34,5
DA:35,5
DA:36,2
DA:37,2
DA:38,2
DA:39,2
DA:40,2
DA:41,2
DA:42,2
DA:43,2
DA:44,2
DA:45,2
DA:46,2
DA:47,2
DA:48,2
DA:49,2
DA:50,2
DA:51,3
DA:52,3
DA:53,3
DA:54,3
DA:55,3
DA:56,5
DA:57,5
DA:58,5
DA:59,5
DA:60,5
LF:60
LH:59
BRDA:7,0,0,3
BRDA:11,1,0,5
BRDA:35,2,0,2
BRDA:50,3,0,3
BRDA:15,4,0,3
BRDA:16,5,0,2
BRDA:23,6,0,1
BRDA:22,7,0,2
BRDA:45,8,0,1
BRF:9
BRH:9
end_of_record
TN:
SF:src\pages\Registro.tsx
FN:9,Registro
FN:19,validateForm
FN:43,handleSubmit
FN:81,onChange
FN:90,onChange
FN:99,onChange
FN:109,onChange
FNF:7
FNH:7
FNDA:133,Registro
FNDA:5,validateForm
FNDA:5,handleSubmit
FNDA:22,onChange
FNDA:35,onChange
FNDA:31,onChange
FNDA:31,onChange
DA:1,1
DA:2,1
DA:3,1
DA:4,1
DA:5,1
DA:6,1
DA:7,1
DA:8,1
DA:9,133
DA:10,133
DA:11,133
DA:12,133
DA:13,133
DA:14,133
DA:15,133
DA:16,133
DA:17,133
DA:18,133
DA:19,133
DA:20,5
DA:21,1
DA:22,1
DA:23,1
DA:24,5
DA:25,0
DA:26,0
DA:27,0
DA:28,5
DA:29,0
DA:30,0
DA:31,0
DA:32,5
DA:33,1
DA:34,1
DA:35,1
DA:36,5
DA:37,1
DA:38,1
DA:39,1
DA:40,2
DA:41,5
DA:42,133
DA:43,133
DA:44,5
DA:45,5
DA:46,5
DA:47,5
DA:48,2
DA:49,2
DA:50,2
DA:51,2
DA:52,1
DA:53,1
DA:54,1
DA:55,1
DA:56,1
DA:57,1
DA:58,5
DA:59,2
DA:60,2
DA:61,5
DA:62,133
DA:63,133
DA:64,133
DA:65,133
DA:66,133
DA:67,133
DA:68,133
DA:69,133
DA:70,133
DA:71,133
DA:72,133
DA:73,133
DA:74,133
DA:75,133
DA:76,133
DA:77,133
DA:78,133
DA:79,133
DA:80,133
DA:81,133
DA:82,133
DA:83,133
DA:84,133
DA:85,133
DA:86,133
DA:87,133
DA:88,133
DA:89,133
DA:90,133
DA:91,133
DA:92,133
DA:93,133
DA:94,133
DA:95,133
DA:96,133
DA:97,133
DA:98,133
DA:99,133
DA:100,133
DA:101,133
DA:102,133
DA:103,133
DA:104,133
DA:105,133
DA:106,133
DA:107,133
DA:108,133
DA:109,133
DA:110,133
DA:111,133
DA:112,133
DA:113,133
DA:114,133
DA:115,4
DA:116,133
DA:117,133
DA:118,133
DA:119,133
DA:120,133
DA:121,133
DA:122,133
DA:123,133
DA:124,133
DA:125,133
DA:126,133
DA:127,133
DA:128,133
DA:129,133
DA:130,133
DA:131,133
DA:132,133
DA:133,133
DA:134,133
DA:135,133
DA:136,133
LF:136
LH:130
BRDA:9,0,0,133
BRDA:114,1,0,4
BRDA:124,2,0,2
BRDA:124,3,0,131
BRDA:19,4,0,5
BRDA:20,5,0,1
BRDA:23,6,0,4
BRDA:24,7,0,0
BRDA:27,8,0,4
BRDA:28,9,0,0
BRDA:31,10,0,4
BRDA:32,11,0,1
BRDA:35,12,0,3
BRDA:36,13,0,1
BRDA:39,14,0,2
BRDA:43,15,0,5
BRDA:47,16,0,3
BRDA:47,17,0,2
BRDA:51,18,0,1
BRDA:55,19,0,0
BRDA:58,20,0,2
BRDA:81,21,0,22
BRDA:90,22,0,35
BRDA:99,23,0,31
BRDA:109,24,0,31
BRF:25
BRH:22
end_of_record
TN:
SF:src\pages\Reporte.tsx
FN:23,createUserMarkerIcon
FN:32,MapController
FN:41,renderFotoLabel
FN:47,Reporte
FN:72,getLocation
FN:89,navigator.geolocation.getCurrentPosition.enableHighAccuracy
FN:109,handleSubmit
FN:151,handleFileChange
FN:194,onClick
FN:214,onClick
FN:223,onClick
FN:311,onChange
FN:346,onClick
FNF:13
FNH:10
FNDA:30,createUserMarkerIcon
FNDA:30,MapController
FNDA:50,renderFotoLabel
FNDA:50,Reporte
FNDA:5,getLocation
FNDA:1,navigator.geolocation.getCurrentPosition.enableHighAccuracy
FNDA:4,handleSubmit
FNDA:2,handleFileChange
FNDA:0,onClick
FNDA:0,onClick
FNDA:1,onClick
FNDA:20,onChange
FNDA:0,onClick
DA:1,1
DA:2,1
DA:3,1
DA:4,1
DA:5,1
DA:6,1
DA:7,1
DA:8,1
DA:9,1
DA:10,1
DA:11,1
DA:12,1
DA:13,1
DA:14,1
DA:15,1
DA:16,1
DA:17,1
DA:18,1
DA:19,1
DA:20,1
DA:21,1
DA:22,1
DA:23,30
DA:24,30
DA:25,30
DA:26,30
DA:27,30
DA:28,30
DA:29,30
DA:30,30
DA:31,1
DA:32,30
DA:33,30
DA:34,30
DA:35,30
DA:36,30
DA:37,30
DA:38,30
DA:39,30
DA:40,1
DA:41,50
DA:42,50
DA:43,50
DA:44,47
DA:45,47
DA:46,1
DA:47,50
DA:48,50
DA:49,50
DA:50,50
DA:51,50
DA:52,50
DA:53,50
DA:54,50
DA:55,50
DA:56,50
DA:57,50
DA:58,50
DA:59,50
DA:60,50
DA:61,50
DA:62,50
DA:63,50
DA:64,50
DA:65,14
DA:66,14
DA:67,14
DA:68,14
DA:69,50
DA:70,50
DA:71,50
DA:72,50
DA:73,5
DA:74,0
DA:75,0
DA:76,0
DA:77,5
DA:78,5
DA:79,5
DA:80,5
DA:81,4
DA:82,4
DA:83,4
DA:84,4
DA:85,4
DA:86,4
DA:87,4
DA:88,4
DA:89,5
DA:90,1
DA:91,1
DA:92,1
DA:93,1
DA:94,1
DA:95,1
DA:96,0
DA:97,0
DA:98,1
DA:99,0
DA:100,0
DA:101,1
DA:102,0
DA:103,1
DA:104,1
DA:105,5
DA:106,5
DA:107,5
DA:108,50
DA:109,50
DA:110,4
DA:111,4
DA:112,1
DA:113,1
DA:114,1
DA:115,3
DA:116,3
DA:117,3
DA:118,3
DA:119,3
DA:120,3
DA:121,3
DA:122,3
DA:123,4
DA:124,0
DA:125,0
DA:126,3
DA:127,3
DA:128,4
DA:129,1
DA:130,1
DA:131,4
DA:132,2
DA:133,2
DA:134,1
DA:135,2
DA:136,2
DA:137,4
DA:138,4
DA:139,4
DA:140,4
DA:141,2
DA:142,2
DA:143,4
DA:144,1
DA:145,1
DA:146,4
DA:147,3
DA:148,3
DA:149,4
DA:150,50
DA:151,50
DA:152,2
DA:153,2
DA:154,2
DA:155,2
DA:156,2
DA:157,1
DA:158,1
DA:159,1
DA:160,1
DA:161,1
DA:162,2
DA:163,2
DA:164,2
DA:165,2
DA:166,50
DA:167,50
DA:168,50
DA:169,50
DA:170,50
DA:171,50
DA:172,50
DA:173,50
DA:174,50
DA:175,50
DA:176,50
DA:177,50
DA:178,50
DA:179,50
DA:180,50
DA:181,50
DA:182,50
DA:183,50
DA:184,50
DA:185,50
DA:186,5
DA:187,5
DA:188,5
DA:189,5
DA:190,5
DA:191,45
DA:192,45
DA:193,45
DA:194,45
DA:195,45
DA:196,45
DA:197,45
DA:198,50
DA:199,50
DA:200,50
DA:201,50
DA:202,50
DA:203,50
DA:204,50
DA:205,50
DA:206,50
DA:207,50
DA:208,50
DA:209,50
DA:210,50
DA:211,50
DA:212,50
DA:213,50
DA:214,50
DA:215,50
DA:216,50
DA:217,50
DA:218,50
DA:219,50
DA:220,50
DA:221,50
DA:222,50
DA:223,50
DA:224,50
DA:225,50
DA:226,50
DA:227,50
DA:228,50
DA:229,50
DA:230,50
DA:231,50
DA:232,50
DA:233,50
DA:234,50
DA:235,50
DA:236,50
DA:237,50
DA:238,50
DA:239,50
DA:240,50
DA:241,50
DA:242,50
DA:243,50
DA:244,50
DA:245,50
DA:246,50
DA:247,50
DA:248,50
DA:249,1
DA:250,1
DA:251,1
DA:252,50
DA:253,50
DA:254,30
DA:255,30
DA:256,30
DA:257,50
DA:258,50
DA:259,50
DA:260,50
DA:261,30
DA:262,30
DA:263,30
DA:264,30
DA:265,30
DA:266,30
DA:267,30
DA:268,30
DA:269,30
DA:270,30
DA:271,30
DA:272,30
DA:273,30
DA:274,30
DA:275,30
DA:276,30
DA:277,30
DA:278,30
DA:279,30
DA:280,30
DA:281,50
DA:282,50
DA:283,50
DA:284,50
DA:285,50
DA:286,50
DA:287,50
DA:288,50
DA:289,50
DA:290,50
DA:291,50
DA:292,50
DA:293,50
DA:294,50
DA:295,50
DA:296,50
DA:297,50
DA:298,50
DA:299,50
DA:300,50
DA:301,50
DA:302,50
DA:303,50
DA:304,50
DA:305,50
DA:306,50
DA:307,50
DA:308,50
DA:309,50
DA:310,50
DA:311,50
DA:312,50
DA:313,50
DA:314,50
DA:315,50
DA:316,50
DA:317,50
DA:318,50
DA:319,50
DA:320,50
DA:321,50
DA:322,1
DA:323,50
DA:324,50
DA:325,50
DA:326,50
DA:327,50
DA:328,1
DA:329,1
DA:330,1
DA:331,49
DA:332,49
DA:333,49
DA:334,49
DA:335,49
DA:336,49
DA:337,49
DA:338,49
DA:339,49
DA:340,50
DA:341,50
DA:342,50
DA:343,50
DA:344,50
DA:345,5
DA:346,5
DA:347,5
DA:348,5
DA:349,5
DA:350,50
DA:351,50
DA:352,50
DA:353,50
DA:354,50
DA:355,50
LF:355
LH:345
BRDA:23,0,0,30
BRDA:32,1,0,30
BRDA:34,2,0,30
BRDA:36,3,0,30
BRDA:41,4,0,50
BRDA:42,5,0,2
BRDA:42,6,0,48
BRDA:43,7,0,1
BRDA:43,8,0,47
BRDA:47,9,0,50
BRDA:50,10,0,45
BRDA:185,11,0,5
BRDA:190,12,0,45
BRDA:193,13,0,0
BRDA:211,14,0,49
BRDA:211,15,0,1
BRDA:220,16,0,1
BRDA:220,17,0,49
BRDA:246,18,0,0
BRDA:248,19,0,1
BRDA:253,20,0,30
BRDA:253,21,0,30
BRDA:260,22,0,30
BRDA:260,23,0,30
BRDA:321,24,0,1
BRDA:327,25,0,1
BRDA:330,26,0,49
BRDA:338,27,0,3
BRDA:338,28,0,46
BRDA:344,29,0,5
BRDA:64,30,0,14
BRDA:67,31,0,1
BRDA:67,32,0,13
BRDA:68,33,0,0
BRDA:72,34,0,5
BRDA:73,35,0,0
BRDA:80,36,0,4
BRDA:89,37,0,1
BRDA:95,38,0,0
BRDA:98,39,0,0
BRDA:101,40,0,0
BRDA:109,41,0,4
BRDA:111,42,0,3
BRDA:111,43,0,1
BRDA:114,44,0,3
BRDA:123,45,0,0
BRDA:125,46,0,3
BRDA:128,47,0,1
BRDA:131,48,0,2
BRDA:133,49,0,1
BRDA:140,50,0,0
BRDA:140,51,0,2
BRDA:143,52,0,1
BRDA:145,53,0,0
BRDA:146,54,0,3
BRDA:151,55,0,2
BRDA:153,56,0,0
BRDA:156,57,0,1
BRDA:161,58,0,0
BRDA:223,59,0,1
BRDA:311,60,0,20
BRF:61
BRH:49
end_of_record
TN:
SF:src\util\device.ts
FN:3,generateUUID
FN:13,getDeviceId
FNF:2
FNH:2
FNDA:3,generateUUID
FNDA:5,getDeviceId
DA:1,1
DA:2,1
DA:3,3
DA:4,3
DA:5,1
DA:6,1
DA:7,1
DA:8,1
DA:9,1
DA:10,1
DA:11,1
DA:12,1
DA:13,1
DA:14,5
DA:15,5
DA:16,3
DA:17,3
DA:18,3
DA:19,3
LF:19
LH:19
BRDA:3,0,0,3
BRDA:4,1,0,2
BRDA:4,2,0,1
BRDA:9,3,0,16
BRDA:13,4,0,5
BRDA:15,5,0,2
BRDA:15,6,0,3
BRF:7
BRH:7
end_of_record
TN:
SF:src\util\image.ts
FN:1,compressImage
FN:4,reader.onload
FN:10,reader.onerror
FN:15,loadImage
FN:18,img.onload
FN:19,img.onerror
FN:24,compressToBlob
FNF:7
FNH:7
FNDA:5,compressImage
FNDA:4,reader.onload
FNDA:1,reader.onerror
FNDA:4,loadImage
FNDA:3,img.onload
FNDA:1,img.onerror
FNDA:3,compressToBlob
DA:1,1
DA:2,5
DA:3,5
DA:4,5
DA:5,4
DA:6,4
DA:7,4
DA:8,4
DA:9,4
DA:10,5
DA:11,5
DA:12,5
DA:13,5
DA:14,1
DA:15,4
DA:16,4
DA:17,4
DA:18,4
DA:19,4
DA:20,4
DA:21,4
DA:22,4
DA:23,1
DA:24,3
DA:25,3
DA:26,3
DA:27,3
DA:28,2
DA:29,1
DA:30,1
DA:31,1
DA:32,1
DA:33,1
DA:34,1
DA:35,2
DA:36,3
DA:37,3
DA:38,3
DA:39,3
DA:40,3
DA:41,3
DA:42,3
DA:43,3
DA:44,0
DA:45,3
DA:46,3
DA:47,3
LF:47
LH:46
BRDA:1,0,0,5
BRDA:2,1,0,5
BRDA:4,2,0,4
BRDA:6,3,0,3
BRDA:10,4,0,1
BRDA:15,5,0,4
BRDA:16,6,0,4
BRDA:18,7,0,3
BRDA:19,8,0,1
BRDA:24,9,0,3
BRDA:27,10,0,2
BRDA:27,11,0,2
BRDA:28,12,0,1
BRDA:41,13,0,3
BRDA:42,14,0,3
BRDA:43,15,0,0
BRF:16
BRH:15
end_of_record
TN:
SF:src\util\navegador.ts
FN:16,obtenerUa
FN:20,detectarNavegadorEmbebido
FN:28,esNavegadorInstalable
FNF:3
FNH:3
FNDA:5,obtenerUa
FNDA:5,detectarNavegadorEmbebido
FNDA:5,esNavegadorInstalable
DA:1,1
DA:2,1
DA:3,1
DA:4,1
DA:5,1
DA:6,1
DA:7,1
DA:8,1
DA:9,1
DA:10,1
DA:11,1
DA:12,1
DA:13,1
DA:14,1
DA:15,1
DA:16,5
DA:17,5
DA:18,5
DA:19,1
DA:20,1
DA:21,5
DA:22,5
DA:23,45
DA:24,45
DA:25,5
DA:26,5
DA:27,1
DA:28,1
DA:29,5
DA:30,5
DA:31,5
DA:32,5
DA:33,5
LF:33
LH:33
BRDA:16,0,0,5
BRDA:17,1,0,0
BRDA:20,2,0,5
BRDA:22,3,0,45
BRDA:23,4,0,0
BRDA:28,5,0,5
BRDA:30,6,0,0
BRDA:31,7,0,0
BRF:8
BRH:4
end_of_record
TN:
SF:src\util\toast.tsx
FN:20,useToast
FN:26,removeToastFromList
FN:30,ToastProvider
FNF:3
FNH:3
FNDA:228,useToast
FNDA:1,removeToastFromList
FNDA:63,ToastProvider
DA:1,1
DA:2,1
DA:3,1
DA:4,1
DA:5,1
DA:6,1
DA:7,1
DA:8,1
DA:9,1
DA:10,1
DA:11,1
DA:12,1
DA:13,1
DA:14,1
DA:15,1
DA:16,1
DA:17,1
DA:18,1
DA:19,1
DA:20,1
DA:21,228
DA:22,228
DA:23,223
DA:24,223
DA:25,1
DA:26,1
DA:27,1
DA:28,1
DA:29,1
DA:30,1
DA:31,63
DA:32,63
DA:33,63
DA:34,13
DA:35,13
DA:36,13
DA:37,12
DA:38,1
DA:39,12
DA:40,12
DA:41,63
DA:42,63
DA:43,63
DA:44,1
DA:45,63
DA:46,63
DA:47,63
DA:48,63
DA:49,63
DA:50,63
DA:51,63
DA:52,63
DA:53,63
DA:54,63
LF:54
LH:54
BRDA:20,0,0,228
BRDA:22,1,0,4
BRDA:22,2,0,223
BRDA:26,3,0,1
BRDA:27,4,0,1
BRDA:30,5,0,63
BRDA:33,6,0,13
BRDA:36,7,0,12
BRDA:35,8,0,13
BRDA:37,9,0,1
BRDA:38,10,0,1
BRDA:43,11,0,1
BRDA:44,12,0,1
BRDA:44,13,0,1
BRDA:47,14,0,62
BRF:15
BRH:15
end_of_record
TN:
SF:src\util\map\MapboxStrategy.tsx
FN:9,estadoDot
FN:19,tipoLabel
FN:22,estadoColor
FN:34,FlyToCenter
FN:44,FocoMarker
FN:76,<instance_members_initializer>
FN:80,renderMap
FN:81,MapInner
FN:101,onClick
FN:110,onClick
FN:118,onClose
FNF:11
FNH:11
FNDA:10,estadoDot
FNDA:10,tipoLabel
FNDA:10,estadoColor
FNDA:23,FlyToCenter
FNDA:11,FocoMarker
FNDA:2,<instance_members_initializer>
FNDA:23,renderMap
FNDA:23,MapInner
FNDA:3,onClick
FNDA:1,onClick
FNDA:1,onClose
DA:1,1
DA:2,1
DA:3,1
DA:4,1
DA:5,1
DA:6,1
DA:7,1
DA:8,1
DA:9,1
DA:10,10
DA:11,10
DA:12,10
DA:13,10
DA:14,10
DA:15,10
DA:16,10
DA:17,10
DA:18,1
DA:19,1
DA:20,10
DA:21,1
DA:22,1
DA:23,10
DA:24,10
DA:25,10
DA:26,10
DA:27,10
DA:28,10
DA:29,10
DA:30,10
DA:31,1
DA:32,1
DA:33,1
DA:34,23
DA:35,23
DA:36,23
DA:37,23
DA:38,1
DA:39,1
DA:40,23
DA:41,23
DA:42,23
DA:43,1
DA:44,11
DA:45,11
DA:46,1
DA:47,1
DA:48,1
DA:49,1
DA:50,1
DA:51,1
DA:52,1
DA:53,1
DA:54,1
DA:55,1
DA:56,1
DA:57,10
DA:58,11
DA:59,11
DA:60,11
DA:61,11
DA:62,11
DA:63,11
DA:64,11
DA:65,11
DA:66,11
DA:67,11
DA:68,11
DA:69,11
DA:70,11
DA:71,11
DA:72,11
DA:73,11
DA:74,11
DA:75,1
DA:76,1
DA:77,2
DA:78,2
DA:79,2
DA:80,2
DA:81,23
DA:82,23
DA:83,23
DA:84,23
DA:85,23
DA:86,23
DA:87,23
DA:88,23
DA:89,23
DA:90,23
DA:91,23
DA:92,23
DA:93,23
DA:94,23
DA:95,23
DA:96,23
DA:97,23
DA:98,23
DA:99,23
DA:100,23
DA:101,23
DA:102,23
DA:103,23
DA:104,23
DA:105,23
DA:106,11
DA:107,11
DA:108,11
DA:109,11
DA:110,11
DA:111,11
DA:112,23
DA:113,23
DA:114,10
DA:115,10
DA:116,10
DA:117,10
DA:118,10
DA:119,10
DA:120,10
DA:121,10
DA:122,10
DA:123,10
DA:124,10
DA:125,10
DA:126,9
DA:127,10
DA:128,10
DA:129,1
DA:130,10
DA:131,10
DA:132,10
DA:133,10
DA:134,10
DA:135,10
DA:136,23
DA:137,23
DA:138,23
DA:139,23
DA:140,23
DA:141,23
DA:142,2
LF:142
LH:142
BRDA:9,0,0,10
BRDA:11,1,0,5
BRDA:12,2,0,2
BRDA:13,3,0,1
BRDA:14,4,0,1
BRDA:15,5,0,1
BRDA:19,6,0,10
BRDA:20,7,0,9
BRDA:20,8,0,1
BRDA:22,9,0,10
BRDA:24,10,0,6
BRDA:25,11,0,1
BRDA:26,12,0,1
BRDA:27,13,0,1
BRDA:28,14,0,1
BRDA:34,15,0,23
BRDA:36,16,0,23
BRDA:37,17,0,1
BRDA:37,18,0,1
BRDA:44,19,0,11
BRDA:45,20,0,2
BRDA:45,21,0,1
BRDA:56,22,0,10
BRDA:58,23,0,1
BRDA:58,24,0,9
BRDA:64,25,0,1
BRDA:64,26,0,9
BRDA:65,27,0,1
BRDA:65,28,0,9
BRDA:68,29,0,1
BRDA:68,30,0,9
BRDA:68,31,0,1
BRDA:68,32,0,9
BRDA:76,33,0,2
BRDA:80,34,0,23
BRDA:81,35,0,23
BRDA:97,36,0,1
BRDA:97,37,0,22
BRDA:98,38,0,1
BRDA:98,39,0,22
BRDA:99,40,0,1
BRDA:99,41,0,22
BRDA:113,42,0,10
BRDA:125,43,0,9
BRDA:128,44,0,1
BRDA:84,45,0,23
BRDA:101,46,0,3
BRDA:105,47,0,11
BRDA:110,48,0,1
BRDA:118,49,0,1
BRF:50
BRH:50
end_of_record
TN:
SF:src\util\map\index.ts
FNF:0
FNH:0
DA:1,1
DA:2,1
LF:2
LH:2
BRF:0
BRH:0
end_of_record
